
*** Running vivado
    with args -log base_xadc_0.vds -m64 -product Vivado -mode batch -messageDb vivado.pb -notrace -source base_xadc_0.tcl


****** Vivado v2018.3 (64-bit)
  **** SW Build 2405991 on Thu Dec  6 23:36:41 MST 2018
  **** IP Build 2404404 on Fri Dec  7 01:43:56 MST 2018
    ** Copyright 1986-2018 Xilinx, Inc. All Rights Reserved.

source base_xadc_0.tcl -notrace
INFO: [IP_Flow 19-234] Refreshing IP repositories
INFO: [IP_Flow 19-1700] Loaded user IP repository '/home/eashanw/Audio_open/audio-revamp-soc/PYNQ/boards/ip'.
INFO: [IP_Flow 19-1700] Loaded user IP repository '/home/eashanw/Audio_open/audio-revamp-soc/Audio_Stream_Adau1761/Audio_Stream_Adau1761/ip'.
INFO: [IP_Flow 19-2313] Loaded Vivado IP repository '/proj/xbuilds/2018.3_released/installs/lin64/Vivado/2018.3/data/ip'.
Command: synth_design -top base_xadc_0 -part xc7z020clg400-1 -mode out_of_context
Starting synth_design
Attempting to get a license for feature 'Synthesis' and/or device 'xc7z020'
INFO: [Common 17-349] Got license for feature 'Synthesis' and/or device 'xc7z020'
INFO: Launching helper process for spawning children vivado processes
INFO: Helper process launched with PID 6972 
---------------------------------------------------------------------------------
Starting RTL Elaboration : Time (s): cpu = 00:00:02 ; elapsed = 00:00:05 . Memory (MB): peak = 1452.051 ; gain = 69.844 ; free physical = 23784 ; free virtual = 34437
---------------------------------------------------------------------------------
INFO: [Synth 8-6157] synthesizing module 'base_xadc_0' [/home/eashanw/Audio_open/audio-revamp-soc/PYNQ/boards/Pynq-Z2/base/base/base.srcs/sources_1/bd/base/ip/base_xadc_0/base_xadc_0.v:53]
INFO: [Synth 8-638] synthesizing module 'base_xadc_0_axi_xadc' [/home/eashanw/Audio_open/audio-revamp-soc/PYNQ/boards/Pynq-Z2/base/base/base.srcs/sources_1/bd/base/ip/base_xadc_0/base_xadc_0_axi_xadc.vhd:246]
	Parameter C_INSTANCE bound to: base_xadc_0_axi_xadc - type: string 
	Parameter C_FAMILY bound to: virtex7 - type: string 
	Parameter C_S_AXI_ADDR_WIDTH bound to: 11 - type: integer 
	Parameter C_S_AXI_DATA_WIDTH bound to: 32 - type: integer 
	Parameter C_INCLUDE_INTR bound to: 1 - type: integer 
	Parameter C_SIM_MONITOR_FILE bound to: design.txt - type: string 
INFO: [Synth 8-638] synthesizing module 'base_xadc_0_axi_lite_ipif' [/home/eashanw/Audio_open/audio-revamp-soc/PYNQ/boards/Pynq-Z2/base/base/base.srcs/sources_1/bd/base/ip/base_xadc_0/axi_lite_ipif_v1_01_a/hdl/src/vhdl/base_xadc_0_axi_lite_ipif.vhd:241]
	Parameter C_S_AXI_DATA_WIDTH bound to: 32 - type: integer 
	Parameter C_S_AXI_ADDR_WIDTH bound to: 11 - type: integer 
	Parameter C_S_AXI_MIN_SIZE bound to: 32'b00000000000000000000001111111111 
	Parameter C_USE_WSTRB bound to: 1 - type: integer 
	Parameter C_DPHASE_TIMEOUT bound to: 64 - type: integer 
	Parameter C_ARD_ADDR_RANGE_ARRAY bound to: 384'b000000000000000000000000000000000000000000000000000000000000000000000000000000000000000000000000000000000000000000000000000111110000000000000000000000000000000000000000000000000000000001000000000000000000000000000000000000000000000000000000000000000111111100000000000000000000000000000000000000000000000000000010000000000000000000000000000000000000000000000000000000000000001111111111 
	Parameter C_ARD_NUM_CE_ARRAY bound to: 96'b000000000000000000000000000010000000000000000000000000000001000000000000000000000000000000000001 
	Parameter C_FAMILY bound to: virtex7 - type: string 
INFO: [Synth 8-638] synthesizing module 'base_xadc_0_slave_attachment' [/home/eashanw/Audio_open/audio-revamp-soc/PYNQ/boards/Pynq-Z2/base/base/base.srcs/sources_1/bd/base/ip/base_xadc_0/axi_lite_ipif_v1_01_a/hdl/src/vhdl/base_xadc_0_slave_attachment.vhd:227]
	Parameter C_ARD_ADDR_RANGE_ARRAY bound to: 384'b000000000000000000000000000000000000000000000000000000000000000000000000000000000000000000000000000000000000000000000000000111110000000000000000000000000000000000000000000000000000000001000000000000000000000000000000000000000000000000000000000000000111111100000000000000000000000000000000000000000000000000000010000000000000000000000000000000000000000000000000000000000000001111111111 
	Parameter C_ARD_NUM_CE_ARRAY bound to: 96'b000000000000000000000000000010000000000000000000000000000001000000000000000000000000000000000001 
	Parameter C_IPIF_ABUS_WIDTH bound to: 11 - type: integer 
	Parameter C_IPIF_DBUS_WIDTH bound to: 32 - type: integer 
	Parameter C_S_AXI_MIN_SIZE bound to: 1023 - type: integer 
	Parameter C_USE_WSTRB bound to: 1 - type: integer 
	Parameter C_DPHASE_TIMEOUT bound to: 64 - type: integer 
	Parameter C_FAMILY bound to: virtex7 - type: string 
INFO: [Synth 8-638] synthesizing module 'base_xadc_0_address_decoder' [/home/eashanw/Audio_open/audio-revamp-soc/PYNQ/boards/Pynq-Z2/base/base/base.srcs/sources_1/bd/base/ip/base_xadc_0/axi_lite_ipif_v1_01_a/hdl/src/vhdl/base_xadc_0_address_decoder.vhd:176]
	Parameter C_BUS_AWIDTH bound to: 10 - type: integer 
	Parameter C_S_AXI_MIN_SIZE bound to: 1023 - type: integer 
	Parameter C_ARD_ADDR_RANGE_ARRAY bound to: 384'b000000000000000000000000000000000000000000000000000000000000000000000000000000000000000000000000000000000000000000000000000111110000000000000000000000000000000000000000000000000000000001000000000000000000000000000000000000000000000000000000000000000111111100000000000000000000000000000000000000000000000000000010000000000000000000000000000000000000000000000000000000000000001111111111 
	Parameter C_ARD_NUM_CE_ARRAY bound to: 96'b000000000000000000000000000010000000000000000000000000000001000000000000000000000000000000000001 
	Parameter C_FAMILY bound to: nofamily - type: string 
INFO: [Synth 8-638] synthesizing module 'base_xadc_0_pselect_f' [/home/eashanw/Audio_open/audio-revamp-soc/PYNQ/boards/Pynq-Z2/base/base/base.srcs/sources_1/bd/base/ip/base_xadc_0/proc_common_v3_30_a/hdl/src/vhdl/base_xadc_0_pselect_f.vhd:167]
	Parameter C_AB bound to: 5 - type: integer 
	Parameter C_AW bound to: 10 - type: integer 
	Parameter C_BAR bound to: 10'b0000000000 
	Parameter C_FAMILY bound to: nofamily - type: string 
INFO: [Synth 8-256] done synthesizing module 'base_xadc_0_pselect_f' (1#1) [/home/eashanw/Audio_open/audio-revamp-soc/PYNQ/boards/Pynq-Z2/base/base/base.srcs/sources_1/bd/base/ip/base_xadc_0/proc_common_v3_30_a/hdl/src/vhdl/base_xadc_0_pselect_f.vhd:167]
INFO: [Synth 8-638] synthesizing module 'base_xadc_0_pselect_f__parameterized0' [/home/eashanw/Audio_open/audio-revamp-soc/PYNQ/boards/Pynq-Z2/base/base/base.srcs/sources_1/bd/base/ip/base_xadc_0/proc_common_v3_30_a/hdl/src/vhdl/base_xadc_0_pselect_f.vhd:167]
	Parameter C_AB bound to: 3 - type: integer 
	Parameter C_AW bound to: 3 - type: integer 
	Parameter C_BAR bound to: 3'b000 
	Parameter C_FAMILY bound to: nofamily - type: string 
INFO: [Synth 8-256] done synthesizing module 'base_xadc_0_pselect_f__parameterized0' (1#1) [/home/eashanw/Audio_open/audio-revamp-soc/PYNQ/boards/Pynq-Z2/base/base/base.srcs/sources_1/bd/base/ip/base_xadc_0/proc_common_v3_30_a/hdl/src/vhdl/base_xadc_0_pselect_f.vhd:167]
INFO: [Synth 8-638] synthesizing module 'base_xadc_0_pselect_f__parameterized1' [/home/eashanw/Audio_open/audio-revamp-soc/PYNQ/boards/Pynq-Z2/base/base/base.srcs/sources_1/bd/base/ip/base_xadc_0/proc_common_v3_30_a/hdl/src/vhdl/base_xadc_0_pselect_f.vhd:167]
	Parameter C_AB bound to: 3 - type: integer 
	Parameter C_AW bound to: 3 - type: integer 
	Parameter C_BAR bound to: 3'b001 
	Parameter C_FAMILY bound to: nofamily - type: string 
INFO: [Synth 8-256] done synthesizing module 'base_xadc_0_pselect_f__parameterized1' (1#1) [/home/eashanw/Audio_open/audio-revamp-soc/PYNQ/boards/Pynq-Z2/base/base/base.srcs/sources_1/bd/base/ip/base_xadc_0/proc_common_v3_30_a/hdl/src/vhdl/base_xadc_0_pselect_f.vhd:167]
INFO: [Synth 8-638] synthesizing module 'base_xadc_0_pselect_f__parameterized2' [/home/eashanw/Audio_open/audio-revamp-soc/PYNQ/boards/Pynq-Z2/base/base/base.srcs/sources_1/bd/base/ip/base_xadc_0/proc_common_v3_30_a/hdl/src/vhdl/base_xadc_0_pselect_f.vhd:167]
	Parameter C_AB bound to: 3 - type: integer 
	Parameter C_AW bound to: 3 - type: integer 
	Parameter C_BAR bound to: 3'b010 
	Parameter C_FAMILY bound to: nofamily - type: string 
INFO: [Synth 8-256] done synthesizing module 'base_xadc_0_pselect_f__parameterized2' (1#1) [/home/eashanw/Audio_open/audio-revamp-soc/PYNQ/boards/Pynq-Z2/base/base/base.srcs/sources_1/bd/base/ip/base_xadc_0/proc_common_v3_30_a/hdl/src/vhdl/base_xadc_0_pselect_f.vhd:167]
INFO: [Synth 8-638] synthesizing module 'base_xadc_0_pselect_f__parameterized3' [/home/eashanw/Audio_open/audio-revamp-soc/PYNQ/boards/Pynq-Z2/base/base/base.srcs/sources_1/bd/base/ip/base_xadc_0/proc_common_v3_30_a/hdl/src/vhdl/base_xadc_0_pselect_f.vhd:167]
	Parameter C_AB bound to: 3 - type: integer 
	Parameter C_AW bound to: 3 - type: integer 
	Parameter C_BAR bound to: 3'b011 
	Parameter C_FAMILY bound to: nofamily - type: string 
INFO: [Synth 8-256] done synthesizing module 'base_xadc_0_pselect_f__parameterized3' (1#1) [/home/eashanw/Audio_open/audio-revamp-soc/PYNQ/boards/Pynq-Z2/base/base/base.srcs/sources_1/bd/base/ip/base_xadc_0/proc_common_v3_30_a/hdl/src/vhdl/base_xadc_0_pselect_f.vhd:167]
INFO: [Synth 8-638] synthesizing module 'base_xadc_0_pselect_f__parameterized4' [/home/eashanw/Audio_open/audio-revamp-soc/PYNQ/boards/Pynq-Z2/base/base/base.srcs/sources_1/bd/base/ip/base_xadc_0/proc_common_v3_30_a/hdl/src/vhdl/base_xadc_0_pselect_f.vhd:167]
	Parameter C_AB bound to: 3 - type: integer 
	Parameter C_AW bound to: 3 - type: integer 
	Parameter C_BAR bound to: 3'b100 
	Parameter C_FAMILY bound to: nofamily - type: string 
INFO: [Synth 8-256] done synthesizing module 'base_xadc_0_pselect_f__parameterized4' (1#1) [/home/eashanw/Audio_open/audio-revamp-soc/PYNQ/boards/Pynq-Z2/base/base/base.srcs/sources_1/bd/base/ip/base_xadc_0/proc_common_v3_30_a/hdl/src/vhdl/base_xadc_0_pselect_f.vhd:167]
INFO: [Synth 8-638] synthesizing module 'base_xadc_0_pselect_f__parameterized5' [/home/eashanw/Audio_open/audio-revamp-soc/PYNQ/boards/Pynq-Z2/base/base/base.srcs/sources_1/bd/base/ip/base_xadc_0/proc_common_v3_30_a/hdl/src/vhdl/base_xadc_0_pselect_f.vhd:167]
	Parameter C_AB bound to: 3 - type: integer 
	Parameter C_AW bound to: 3 - type: integer 
	Parameter C_BAR bound to: 3'b101 
	Parameter C_FAMILY bound to: nofamily - type: string 
INFO: [Synth 8-256] done synthesizing module 'base_xadc_0_pselect_f__parameterized5' (1#1) [/home/eashanw/Audio_open/audio-revamp-soc/PYNQ/boards/Pynq-Z2/base/base/base.srcs/sources_1/bd/base/ip/base_xadc_0/proc_common_v3_30_a/hdl/src/vhdl/base_xadc_0_pselect_f.vhd:167]
INFO: [Synth 8-638] synthesizing module 'base_xadc_0_pselect_f__parameterized6' [/home/eashanw/Audio_open/audio-revamp-soc/PYNQ/boards/Pynq-Z2/base/base/base.srcs/sources_1/bd/base/ip/base_xadc_0/proc_common_v3_30_a/hdl/src/vhdl/base_xadc_0_pselect_f.vhd:167]
	Parameter C_AB bound to: 3 - type: integer 
	Parameter C_AW bound to: 3 - type: integer 
	Parameter C_BAR bound to: 3'b110 
	Parameter C_FAMILY bound to: nofamily - type: string 
INFO: [Synth 8-256] done synthesizing module 'base_xadc_0_pselect_f__parameterized6' (1#1) [/home/eashanw/Audio_open/audio-revamp-soc/PYNQ/boards/Pynq-Z2/base/base/base.srcs/sources_1/bd/base/ip/base_xadc_0/proc_common_v3_30_a/hdl/src/vhdl/base_xadc_0_pselect_f.vhd:167]
INFO: [Synth 8-638] synthesizing module 'base_xadc_0_pselect_f__parameterized7' [/home/eashanw/Audio_open/audio-revamp-soc/PYNQ/boards/Pynq-Z2/base/base/base.srcs/sources_1/bd/base/ip/base_xadc_0/proc_common_v3_30_a/hdl/src/vhdl/base_xadc_0_pselect_f.vhd:167]
	Parameter C_AB bound to: 3 - type: integer 
	Parameter C_AW bound to: 3 - type: integer 
	Parameter C_BAR bound to: 3'b111 
	Parameter C_FAMILY bound to: nofamily - type: string 
INFO: [Synth 8-256] done synthesizing module 'base_xadc_0_pselect_f__parameterized7' (1#1) [/home/eashanw/Audio_open/audio-revamp-soc/PYNQ/boards/Pynq-Z2/base/base/base.srcs/sources_1/bd/base/ip/base_xadc_0/proc_common_v3_30_a/hdl/src/vhdl/base_xadc_0_pselect_f.vhd:167]
INFO: [Synth 8-638] synthesizing module 'base_xadc_0_pselect_f__parameterized8' [/home/eashanw/Audio_open/audio-revamp-soc/PYNQ/boards/Pynq-Z2/base/base/base.srcs/sources_1/bd/base/ip/base_xadc_0/proc_common_v3_30_a/hdl/src/vhdl/base_xadc_0_pselect_f.vhd:167]
	Parameter C_AB bound to: 4 - type: integer 
	Parameter C_AW bound to: 10 - type: integer 
	Parameter C_BAR bound to: 10'b0001000000 
	Parameter C_FAMILY bound to: nofamily - type: string 
INFO: [Synth 8-256] done synthesizing module 'base_xadc_0_pselect_f__parameterized8' (1#1) [/home/eashanw/Audio_open/audio-revamp-soc/PYNQ/boards/Pynq-Z2/base/base/base.srcs/sources_1/bd/base/ip/base_xadc_0/proc_common_v3_30_a/hdl/src/vhdl/base_xadc_0_pselect_f.vhd:167]
INFO: [Synth 8-638] synthesizing module 'base_xadc_0_pselect_f__parameterized9' [/home/eashanw/Audio_open/audio-revamp-soc/PYNQ/boards/Pynq-Z2/base/base/base.srcs/sources_1/bd/base/ip/base_xadc_0/proc_common_v3_30_a/hdl/src/vhdl/base_xadc_0_pselect_f.vhd:167]
	Parameter C_AB bound to: 4 - type: integer 
	Parameter C_AW bound to: 4 - type: integer 
	Parameter C_BAR bound to: 4'b0000 
	Parameter C_FAMILY bound to: nofamily - type: string 
INFO: [Synth 8-256] done synthesizing module 'base_xadc_0_pselect_f__parameterized9' (1#1) [/home/eashanw/Audio_open/audio-revamp-soc/PYNQ/boards/Pynq-Z2/base/base/base.srcs/sources_1/bd/base/ip/base_xadc_0/proc_common_v3_30_a/hdl/src/vhdl/base_xadc_0_pselect_f.vhd:167]
INFO: [Synth 8-638] synthesizing module 'base_xadc_0_pselect_f__parameterized10' [/home/eashanw/Audio_open/audio-revamp-soc/PYNQ/boards/Pynq-Z2/base/base/base.srcs/sources_1/bd/base/ip/base_xadc_0/proc_common_v3_30_a/hdl/src/vhdl/base_xadc_0_pselect_f.vhd:167]
	Parameter C_AB bound to: 4 - type: integer 
	Parameter C_AW bound to: 4 - type: integer 
	Parameter C_BAR bound to: 4'b0001 
	Parameter C_FAMILY bound to: nofamily - type: string 
INFO: [Synth 8-256] done synthesizing module 'base_xadc_0_pselect_f__parameterized10' (1#1) [/home/eashanw/Audio_open/audio-revamp-soc/PYNQ/boards/Pynq-Z2/base/base/base.srcs/sources_1/bd/base/ip/base_xadc_0/proc_common_v3_30_a/hdl/src/vhdl/base_xadc_0_pselect_f.vhd:167]
INFO: [Synth 8-638] synthesizing module 'base_xadc_0_pselect_f__parameterized11' [/home/eashanw/Audio_open/audio-revamp-soc/PYNQ/boards/Pynq-Z2/base/base/base.srcs/sources_1/bd/base/ip/base_xadc_0/proc_common_v3_30_a/hdl/src/vhdl/base_xadc_0_pselect_f.vhd:167]
	Parameter C_AB bound to: 4 - type: integer 
	Parameter C_AW bound to: 4 - type: integer 
	Parameter C_BAR bound to: 4'b0010 
	Parameter C_FAMILY bound to: nofamily - type: string 
INFO: [Synth 8-256] done synthesizing module 'base_xadc_0_pselect_f__parameterized11' (1#1) [/home/eashanw/Audio_open/audio-revamp-soc/PYNQ/boards/Pynq-Z2/base/base/base.srcs/sources_1/bd/base/ip/base_xadc_0/proc_common_v3_30_a/hdl/src/vhdl/base_xadc_0_pselect_f.vhd:167]
INFO: [Synth 8-638] synthesizing module 'base_xadc_0_pselect_f__parameterized12' [/home/eashanw/Audio_open/audio-revamp-soc/PYNQ/boards/Pynq-Z2/base/base/base.srcs/sources_1/bd/base/ip/base_xadc_0/proc_common_v3_30_a/hdl/src/vhdl/base_xadc_0_pselect_f.vhd:167]
	Parameter C_AB bound to: 4 - type: integer 
	Parameter C_AW bound to: 4 - type: integer 
	Parameter C_BAR bound to: 4'b0011 
	Parameter C_FAMILY bound to: nofamily - type: string 
INFO: [Synth 8-256] done synthesizing module 'base_xadc_0_pselect_f__parameterized12' (1#1) [/home/eashanw/Audio_open/audio-revamp-soc/PYNQ/boards/Pynq-Z2/base/base/base.srcs/sources_1/bd/base/ip/base_xadc_0/proc_common_v3_30_a/hdl/src/vhdl/base_xadc_0_pselect_f.vhd:167]
INFO: [Synth 8-638] synthesizing module 'base_xadc_0_pselect_f__parameterized13' [/home/eashanw/Audio_open/audio-revamp-soc/PYNQ/boards/Pynq-Z2/base/base/base.srcs/sources_1/bd/base/ip/base_xadc_0/proc_common_v3_30_a/hdl/src/vhdl/base_xadc_0_pselect_f.vhd:167]
	Parameter C_AB bound to: 4 - type: integer 
	Parameter C_AW bound to: 4 - type: integer 
	Parameter C_BAR bound to: 4'b0100 
	Parameter C_FAMILY bound to: nofamily - type: string 
INFO: [Synth 8-256] done synthesizing module 'base_xadc_0_pselect_f__parameterized13' (1#1) [/home/eashanw/Audio_open/audio-revamp-soc/PYNQ/boards/Pynq-Z2/base/base/base.srcs/sources_1/bd/base/ip/base_xadc_0/proc_common_v3_30_a/hdl/src/vhdl/base_xadc_0_pselect_f.vhd:167]
INFO: [Synth 8-638] synthesizing module 'base_xadc_0_pselect_f__parameterized14' [/home/eashanw/Audio_open/audio-revamp-soc/PYNQ/boards/Pynq-Z2/base/base/base.srcs/sources_1/bd/base/ip/base_xadc_0/proc_common_v3_30_a/hdl/src/vhdl/base_xadc_0_pselect_f.vhd:167]
	Parameter C_AB bound to: 4 - type: integer 
	Parameter C_AW bound to: 4 - type: integer 
	Parameter C_BAR bound to: 4'b0101 
	Parameter C_FAMILY bound to: nofamily - type: string 
INFO: [Synth 8-256] done synthesizing module 'base_xadc_0_pselect_f__parameterized14' (1#1) [/home/eashanw/Audio_open/audio-revamp-soc/PYNQ/boards/Pynq-Z2/base/base/base.srcs/sources_1/bd/base/ip/base_xadc_0/proc_common_v3_30_a/hdl/src/vhdl/base_xadc_0_pselect_f.vhd:167]
INFO: [Synth 8-638] synthesizing module 'base_xadc_0_pselect_f__parameterized15' [/home/eashanw/Audio_open/audio-revamp-soc/PYNQ/boards/Pynq-Z2/base/base/base.srcs/sources_1/bd/base/ip/base_xadc_0/proc_common_v3_30_a/hdl/src/vhdl/base_xadc_0_pselect_f.vhd:167]
	Parameter C_AB bound to: 4 - type: integer 
	Parameter C_AW bound to: 4 - type: integer 
	Parameter C_BAR bound to: 4'b0110 
	Parameter C_FAMILY bound to: nofamily - type: string 
INFO: [Synth 8-256] done synthesizing module 'base_xadc_0_pselect_f__parameterized15' (1#1) [/home/eashanw/Audio_open/audio-revamp-soc/PYNQ/boards/Pynq-Z2/base/base/base.srcs/sources_1/bd/base/ip/base_xadc_0/proc_common_v3_30_a/hdl/src/vhdl/base_xadc_0_pselect_f.vhd:167]
INFO: [Synth 8-638] synthesizing module 'base_xadc_0_pselect_f__parameterized16' [/home/eashanw/Audio_open/audio-revamp-soc/PYNQ/boards/Pynq-Z2/base/base/base.srcs/sources_1/bd/base/ip/base_xadc_0/proc_common_v3_30_a/hdl/src/vhdl/base_xadc_0_pselect_f.vhd:167]
	Parameter C_AB bound to: 4 - type: integer 
	Parameter C_AW bound to: 4 - type: integer 
	Parameter C_BAR bound to: 4'b0111 
	Parameter C_FAMILY bound to: nofamily - type: string 
INFO: [Synth 8-256] done synthesizing module 'base_xadc_0_pselect_f__parameterized16' (1#1) [/home/eashanw/Audio_open/audio-revamp-soc/PYNQ/boards/Pynq-Z2/base/base/base.srcs/sources_1/bd/base/ip/base_xadc_0/proc_common_v3_30_a/hdl/src/vhdl/base_xadc_0_pselect_f.vhd:167]
INFO: [Synth 8-638] synthesizing module 'base_xadc_0_pselect_f__parameterized17' [/home/eashanw/Audio_open/audio-revamp-soc/PYNQ/boards/Pynq-Z2/base/base/base.srcs/sources_1/bd/base/ip/base_xadc_0/proc_common_v3_30_a/hdl/src/vhdl/base_xadc_0_pselect_f.vhd:167]
	Parameter C_AB bound to: 4 - type: integer 
	Parameter C_AW bound to: 4 - type: integer 
	Parameter C_BAR bound to: 4'b1000 
	Parameter C_FAMILY bound to: nofamily - type: string 
INFO: [Synth 8-256] done synthesizing module 'base_xadc_0_pselect_f__parameterized17' (1#1) [/home/eashanw/Audio_open/audio-revamp-soc/PYNQ/boards/Pynq-Z2/base/base/base.srcs/sources_1/bd/base/ip/base_xadc_0/proc_common_v3_30_a/hdl/src/vhdl/base_xadc_0_pselect_f.vhd:167]
INFO: [Synth 8-638] synthesizing module 'base_xadc_0_pselect_f__parameterized18' [/home/eashanw/Audio_open/audio-revamp-soc/PYNQ/boards/Pynq-Z2/base/base/base.srcs/sources_1/bd/base/ip/base_xadc_0/proc_common_v3_30_a/hdl/src/vhdl/base_xadc_0_pselect_f.vhd:167]
	Parameter C_AB bound to: 4 - type: integer 
	Parameter C_AW bound to: 4 - type: integer 
	Parameter C_BAR bound to: 4'b1001 
	Parameter C_FAMILY bound to: nofamily - type: string 
INFO: [Synth 8-256] done synthesizing module 'base_xadc_0_pselect_f__parameterized18' (1#1) [/home/eashanw/Audio_open/audio-revamp-soc/PYNQ/boards/Pynq-Z2/base/base/base.srcs/sources_1/bd/base/ip/base_xadc_0/proc_common_v3_30_a/hdl/src/vhdl/base_xadc_0_pselect_f.vhd:167]
INFO: [Synth 8-638] synthesizing module 'base_xadc_0_pselect_f__parameterized19' [/home/eashanw/Audio_open/audio-revamp-soc/PYNQ/boards/Pynq-Z2/base/base/base.srcs/sources_1/bd/base/ip/base_xadc_0/proc_common_v3_30_a/hdl/src/vhdl/base_xadc_0_pselect_f.vhd:167]
	Parameter C_AB bound to: 4 - type: integer 
	Parameter C_AW bound to: 4 - type: integer 
	Parameter C_BAR bound to: 4'b1010 
	Parameter C_FAMILY bound to: nofamily - type: string 
INFO: [Synth 8-256] done synthesizing module 'base_xadc_0_pselect_f__parameterized19' (1#1) [/home/eashanw/Audio_open/audio-revamp-soc/PYNQ/boards/Pynq-Z2/base/base/base.srcs/sources_1/bd/base/ip/base_xadc_0/proc_common_v3_30_a/hdl/src/vhdl/base_xadc_0_pselect_f.vhd:167]
INFO: [Synth 8-638] synthesizing module 'base_xadc_0_pselect_f__parameterized20' [/home/eashanw/Audio_open/audio-revamp-soc/PYNQ/boards/Pynq-Z2/base/base/base.srcs/sources_1/bd/base/ip/base_xadc_0/proc_common_v3_30_a/hdl/src/vhdl/base_xadc_0_pselect_f.vhd:167]
	Parameter C_AB bound to: 4 - type: integer 
	Parameter C_AW bound to: 4 - type: integer 
	Parameter C_BAR bound to: 4'b1011 
	Parameter C_FAMILY bound to: nofamily - type: string 
INFO: [Synth 8-256] done synthesizing module 'base_xadc_0_pselect_f__parameterized20' (1#1) [/home/eashanw/Audio_open/audio-revamp-soc/PYNQ/boards/Pynq-Z2/base/base/base.srcs/sources_1/bd/base/ip/base_xadc_0/proc_common_v3_30_a/hdl/src/vhdl/base_xadc_0_pselect_f.vhd:167]
INFO: [Synth 8-638] synthesizing module 'base_xadc_0_pselect_f__parameterized21' [/home/eashanw/Audio_open/audio-revamp-soc/PYNQ/boards/Pynq-Z2/base/base/base.srcs/sources_1/bd/base/ip/base_xadc_0/proc_common_v3_30_a/hdl/src/vhdl/base_xadc_0_pselect_f.vhd:167]
	Parameter C_AB bound to: 4 - type: integer 
	Parameter C_AW bound to: 4 - type: integer 
	Parameter C_BAR bound to: 4'b1100 
	Parameter C_FAMILY bound to: nofamily - type: string 
INFO: [Synth 8-256] done synthesizing module 'base_xadc_0_pselect_f__parameterized21' (1#1) [/home/eashanw/Audio_open/audio-revamp-soc/PYNQ/boards/Pynq-Z2/base/base/base.srcs/sources_1/bd/base/ip/base_xadc_0/proc_common_v3_30_a/hdl/src/vhdl/base_xadc_0_pselect_f.vhd:167]
INFO: [Synth 8-638] synthesizing module 'base_xadc_0_pselect_f__parameterized22' [/home/eashanw/Audio_open/audio-revamp-soc/PYNQ/boards/Pynq-Z2/base/base/base.srcs/sources_1/bd/base/ip/base_xadc_0/proc_common_v3_30_a/hdl/src/vhdl/base_xadc_0_pselect_f.vhd:167]
	Parameter C_AB bound to: 4 - type: integer 
	Parameter C_AW bound to: 4 - type: integer 
	Parameter C_BAR bound to: 4'b1101 
	Parameter C_FAMILY bound to: nofamily - type: string 
INFO: [Synth 8-256] done synthesizing module 'base_xadc_0_pselect_f__parameterized22' (1#1) [/home/eashanw/Audio_open/audio-revamp-soc/PYNQ/boards/Pynq-Z2/base/base/base.srcs/sources_1/bd/base/ip/base_xadc_0/proc_common_v3_30_a/hdl/src/vhdl/base_xadc_0_pselect_f.vhd:167]
INFO: [Synth 8-638] synthesizing module 'base_xadc_0_pselect_f__parameterized23' [/home/eashanw/Audio_open/audio-revamp-soc/PYNQ/boards/Pynq-Z2/base/base/base.srcs/sources_1/bd/base/ip/base_xadc_0/proc_common_v3_30_a/hdl/src/vhdl/base_xadc_0_pselect_f.vhd:167]
	Parameter C_AB bound to: 4 - type: integer 
	Parameter C_AW bound to: 4 - type: integer 
	Parameter C_BAR bound to: 4'b1110 
	Parameter C_FAMILY bound to: nofamily - type: string 
INFO: [Synth 8-256] done synthesizing module 'base_xadc_0_pselect_f__parameterized23' (1#1) [/home/eashanw/Audio_open/audio-revamp-soc/PYNQ/boards/Pynq-Z2/base/base/base.srcs/sources_1/bd/base/ip/base_xadc_0/proc_common_v3_30_a/hdl/src/vhdl/base_xadc_0_pselect_f.vhd:167]
INFO: [Synth 8-638] synthesizing module 'base_xadc_0_pselect_f__parameterized24' [/home/eashanw/Audio_open/audio-revamp-soc/PYNQ/boards/Pynq-Z2/base/base/base.srcs/sources_1/bd/base/ip/base_xadc_0/proc_common_v3_30_a/hdl/src/vhdl/base_xadc_0_pselect_f.vhd:167]
	Parameter C_AB bound to: 4 - type: integer 
	Parameter C_AW bound to: 4 - type: integer 
	Parameter C_BAR bound to: 4'b1111 
	Parameter C_FAMILY bound to: nofamily - type: string 
INFO: [Synth 8-256] done synthesizing module 'base_xadc_0_pselect_f__parameterized24' (1#1) [/home/eashanw/Audio_open/audio-revamp-soc/PYNQ/boards/Pynq-Z2/base/base/base.srcs/sources_1/bd/base/ip/base_xadc_0/proc_common_v3_30_a/hdl/src/vhdl/base_xadc_0_pselect_f.vhd:167]
INFO: [Synth 8-638] synthesizing module 'base_xadc_0_pselect_f__parameterized25' [/home/eashanw/Audio_open/audio-revamp-soc/PYNQ/boards/Pynq-Z2/base/base/base.srcs/sources_1/bd/base/ip/base_xadc_0/proc_common_v3_30_a/hdl/src/vhdl/base_xadc_0_pselect_f.vhd:167]
	Parameter C_AB bound to: 1 - type: integer 
	Parameter C_AW bound to: 10 - type: integer 
	Parameter C_BAR bound to: 10'b1000000000 
	Parameter C_FAMILY bound to: nofamily - type: string 
INFO: [Synth 8-256] done synthesizing module 'base_xadc_0_pselect_f__parameterized25' (1#1) [/home/eashanw/Audio_open/audio-revamp-soc/PYNQ/boards/Pynq-Z2/base/base/base.srcs/sources_1/bd/base/ip/base_xadc_0/proc_common_v3_30_a/hdl/src/vhdl/base_xadc_0_pselect_f.vhd:167]
INFO: [Synth 8-256] done synthesizing module 'base_xadc_0_address_decoder' (2#1) [/home/eashanw/Audio_open/audio-revamp-soc/PYNQ/boards/Pynq-Z2/base/base/base.srcs/sources_1/bd/base/ip/base_xadc_0/axi_lite_ipif_v1_01_a/hdl/src/vhdl/base_xadc_0_address_decoder.vhd:176]
INFO: [Synth 8-226] default block is never used [/home/eashanw/Audio_open/audio-revamp-soc/PYNQ/boards/Pynq-Z2/base/base/base.srcs/sources_1/bd/base/ip/base_xadc_0/axi_lite_ipif_v1_01_a/hdl/src/vhdl/base_xadc_0_slave_attachment.vhd:381]
INFO: [Synth 8-256] done synthesizing module 'base_xadc_0_slave_attachment' (3#1) [/home/eashanw/Audio_open/audio-revamp-soc/PYNQ/boards/Pynq-Z2/base/base/base.srcs/sources_1/bd/base/ip/base_xadc_0/axi_lite_ipif_v1_01_a/hdl/src/vhdl/base_xadc_0_slave_attachment.vhd:227]
INFO: [Synth 8-256] done synthesizing module 'base_xadc_0_axi_lite_ipif' (4#1) [/home/eashanw/Audio_open/audio-revamp-soc/PYNQ/boards/Pynq-Z2/base/base/base.srcs/sources_1/bd/base/ip/base_xadc_0/axi_lite_ipif_v1_01_a/hdl/src/vhdl/base_xadc_0_axi_lite_ipif.vhd:241]
	Parameter C_S_AXI_ADDR_WIDTH bound to: 11 - type: integer 
	Parameter C_S_AXI_DATA_WIDTH bound to: 32 - type: integer 
	Parameter C_FAMILY bound to: virtex7 - type: string 
	Parameter CE_NUMBERS bound to: 9 - type: integer 
	Parameter IP_INTR_NUM bound to: 17 - type: integer 
	Parameter C_SIM_MONITOR_FILE bound to: design.txt - type: string 
	Parameter MUX_ADDR_NO bound to: 5 - type: integer 
INFO: [Synth 8-3491] module 'base_xadc_0_xadc_core_drp' declared at '/home/eashanw/Audio_open/audio-revamp-soc/PYNQ/boards/Pynq-Z2/base/base/base.srcs/sources_1/bd/base/ip/base_xadc_0/base_xadc_0_xadc_core_drp.vhd:141' bound to instance 'AXI_XADC_CORE_I' of component 'base_xadc_0_xadc_core_drp' [/home/eashanw/Audio_open/audio-revamp-soc/PYNQ/boards/Pynq-Z2/base/base/base.srcs/sources_1/bd/base/ip/base_xadc_0/base_xadc_0_axi_xadc.vhd:711]
INFO: [Synth 8-638] synthesizing module 'base_xadc_0_xadc_core_drp' [/home/eashanw/Audio_open/audio-revamp-soc/PYNQ/boards/Pynq-Z2/base/base/base.srcs/sources_1/bd/base/ip/base_xadc_0/base_xadc_0_xadc_core_drp.vhd:197]
	Parameter C_S_AXI_ADDR_WIDTH bound to: 11 - type: integer 
	Parameter C_S_AXI_DATA_WIDTH bound to: 32 - type: integer 
	Parameter C_FAMILY bound to: virtex7 - type: string 
	Parameter CE_NUMBERS bound to: 9 - type: integer 
	Parameter IP_INTR_NUM bound to: 17 - type: integer 
	Parameter C_SIM_MONITOR_FILE bound to: design.txt - type: string 
	Parameter MUX_ADDR_NO bound to: 5 - type: integer 
	Parameter INIT_40 bound to: 16'b0001000000000000 
	Parameter INIT_41 bound to: 16'b0010000110101111 
	Parameter INIT_42 bound to: 16'b0000010000000000 
	Parameter INIT_43 bound to: 16'b0000000000000000 
	Parameter INIT_44 bound to: 16'b0000000000000000 
	Parameter INIT_45 bound to: 16'b0000000000000000 
	Parameter INIT_46 bound to: 16'b0000000000000000 
	Parameter INIT_47 bound to: 16'b0000000000000000 
	Parameter INIT_48 bound to: 16'b0000100100000000 
	Parameter INIT_49 bound to: 16'b1010001001100010 
	Parameter INIT_4A bound to: 16'b0000100100000000 
	Parameter INIT_4B bound to: 16'b1010001001100010 
	Parameter INIT_4C bound to: 16'b0000000000000000 
	Parameter INIT_4D bound to: 16'b0000000000000000 
	Parameter INIT_4E bound to: 16'b0000000000000000 
	Parameter INIT_4F bound to: 16'b0000000000000000 
	Parameter INIT_50 bound to: 16'b1011010111101101 
	Parameter INIT_51 bound to: 16'b0101011111100100 
	Parameter INIT_52 bound to: 16'b1010000101000111 
	Parameter INIT_53 bound to: 16'b1100101000110011 
	Parameter INIT_54 bound to: 16'b1010100100111010 
	Parameter INIT_55 bound to: 16'b0101001011000110 
	Parameter INIT_56 bound to: 16'b1001010101010101 
	Parameter INIT_57 bound to: 16'b1010111001001110 
	Parameter INIT_58 bound to: 16'b0101100110011001 
	Parameter INIT_59 bound to: 16'b0101010101010101 
	Parameter INIT_5A bound to: 16'b1001100110011001 
	Parameter INIT_5B bound to: 16'b0110101010101010 
	Parameter INIT_5C bound to: 16'b0101000100010001 
	Parameter INIT_5D bound to: 16'b0101000100010001 
	Parameter INIT_5E bound to: 16'b1001000111101011 
	Parameter INIT_5F bound to: 16'b0110011001100110 
	Parameter IS_CONVSTCLK_INVERTED bound to: 1'b0 
	Parameter IS_DCLK_INVERTED bound to: 1'b0 
	Parameter SIM_DEVICE bound to: ZYNQ - type: string 
	Parameter SIM_MONITOR_FILE bound to: design.txt - type: string 
INFO: [Synth 8-113] binding component instance 'XADC_INST' to cell 'XADC' [/home/eashanw/Audio_open/audio-revamp-soc/PYNQ/boards/Pynq-Z2/base/base/base.srcs/sources_1/bd/base/ip/base_xadc_0/base_xadc_0_xadc_core_drp.vhd:978]
WARNING: [Synth 8-6014] Unused sequential element convst_reg_input_reg was removed.  [/home/eashanw/Audio_open/audio-revamp-soc/PYNQ/boards/Pynq-Z2/base/base/base.srcs/sources_1/bd/base/ip/base_xadc_0/base_xadc_0_xadc_core_drp.vhd:509]
INFO: [Synth 8-256] done synthesizing module 'base_xadc_0_xadc_core_drp' (5#1) [/home/eashanw/Audio_open/audio-revamp-soc/PYNQ/boards/Pynq-Z2/base/base/base.srcs/sources_1/bd/base/ip/base_xadc_0/base_xadc_0_xadc_core_drp.vhd:197]
INFO: [Synth 8-638] synthesizing module 'base_xadc_0_soft_reset' [/home/eashanw/Audio_open/audio-revamp-soc/PYNQ/boards/Pynq-Z2/base/base/base.srcs/sources_1/bd/base/ip/base_xadc_0/proc_common_v3_30_a/hdl/src/vhdl/base_xadc_0_soft_reset.vhd:142]
	Parameter C_SIPIF_DWIDTH bound to: 32 - type: integer 
	Parameter C_RESET_WIDTH bound to: 16 - type: integer 
	Parameter INIT bound to: 1'b0 
	Parameter IS_CE_INVERTED bound to: 1'b0 
	Parameter IS_C_INVERTED bound to: 1'b0 
	Parameter IS_D_INVERTED bound to: 1'b0 
	Parameter IS_R_INVERTED bound to: 1'b0 
	Parameter IS_S_INVERTED bound to: 1'b0 
INFO: [Synth 8-113] binding component instance 'RST_FLOPS' to cell 'FDRSE' [/home/eashanw/Audio_open/audio-revamp-soc/PYNQ/boards/Pynq-Z2/base/base/base.srcs/sources_1/bd/base/ip/base_xadc_0/proc_common_v3_30_a/hdl/src/vhdl/base_xadc_0_soft_reset.vhd:273]
	Parameter INIT bound to: 1'b0 
	Parameter IS_CE_INVERTED bound to: 1'b0 
	Parameter IS_C_INVERTED bound to: 1'b0 
	Parameter IS_D_INVERTED bound to: 1'b0 
	Parameter IS_R_INVERTED bound to: 1'b0 
	Parameter IS_S_INVERTED bound to: 1'b0 
INFO: [Synth 8-113] binding component instance 'RST_FLOPS' to cell 'FDRSE' [/home/eashanw/Audio_open/audio-revamp-soc/PYNQ/boards/Pynq-Z2/base/base/base.srcs/sources_1/bd/base/ip/base_xadc_0/proc_common_v3_30_a/hdl/src/vhdl/base_xadc_0_soft_reset.vhd:273]
	Parameter INIT bound to: 1'b0 
	Parameter IS_CE_INVERTED bound to: 1'b0 
	Parameter IS_C_INVERTED bound to: 1'b0 
	Parameter IS_D_INVERTED bound to: 1'b0 
	Parameter IS_R_INVERTED bound to: 1'b0 
	Parameter IS_S_INVERTED bound to: 1'b0 
INFO: [Synth 8-113] binding component instance 'RST_FLOPS' to cell 'FDRSE' [/home/eashanw/Audio_open/audio-revamp-soc/PYNQ/boards/Pynq-Z2/base/base/base.srcs/sources_1/bd/base/ip/base_xadc_0/proc_common_v3_30_a/hdl/src/vhdl/base_xadc_0_soft_reset.vhd:273]
	Parameter INIT bound to: 1'b0 
	Parameter IS_CE_INVERTED bound to: 1'b0 
	Parameter IS_C_INVERTED bound to: 1'b0 
	Parameter IS_D_INVERTED bound to: 1'b0 
	Parameter IS_R_INVERTED bound to: 1'b0 
	Parameter IS_S_INVERTED bound to: 1'b0 
INFO: [Synth 8-113] binding component instance 'RST_FLOPS' to cell 'FDRSE' [/home/eashanw/Audio_open/audio-revamp-soc/PYNQ/boards/Pynq-Z2/base/base/base.srcs/sources_1/bd/base/ip/base_xadc_0/proc_common_v3_30_a/hdl/src/vhdl/base_xadc_0_soft_reset.vhd:273]
	Parameter INIT bound to: 1'b0 
	Parameter IS_CE_INVERTED bound to: 1'b0 
	Parameter IS_C_INVERTED bound to: 1'b0 
	Parameter IS_D_INVERTED bound to: 1'b0 
	Parameter IS_R_INVERTED bound to: 1'b0 
	Parameter IS_S_INVERTED bound to: 1'b0 
INFO: [Synth 8-113] binding component instance 'RST_FLOPS' to cell 'FDRSE' [/home/eashanw/Audio_open/audio-revamp-soc/PYNQ/boards/Pynq-Z2/base/base/base.srcs/sources_1/bd/base/ip/base_xadc_0/proc_common_v3_30_a/hdl/src/vhdl/base_xadc_0_soft_reset.vhd:273]
	Parameter INIT bound to: 1'b0 
	Parameter IS_CE_INVERTED bound to: 1'b0 
	Parameter IS_C_INVERTED bound to: 1'b0 
	Parameter IS_D_INVERTED bound to: 1'b0 
	Parameter IS_R_INVERTED bound to: 1'b0 
	Parameter IS_S_INVERTED bound to: 1'b0 
INFO: [Synth 8-113] binding component instance 'RST_FLOPS' to cell 'FDRSE' [/home/eashanw/Audio_open/audio-revamp-soc/PYNQ/boards/Pynq-Z2/base/base/base.srcs/sources_1/bd/base/ip/base_xadc_0/proc_common_v3_30_a/hdl/src/vhdl/base_xadc_0_soft_reset.vhd:273]
	Parameter INIT bound to: 1'b0 
	Parameter IS_CE_INVERTED bound to: 1'b0 
	Parameter IS_C_INVERTED bound to: 1'b0 
	Parameter IS_D_INVERTED bound to: 1'b0 
	Parameter IS_R_INVERTED bound to: 1'b0 
	Parameter IS_S_INVERTED bound to: 1'b0 
INFO: [Synth 8-113] binding component instance 'RST_FLOPS' to cell 'FDRSE' [/home/eashanw/Audio_open/audio-revamp-soc/PYNQ/boards/Pynq-Z2/base/base/base.srcs/sources_1/bd/base/ip/base_xadc_0/proc_common_v3_30_a/hdl/src/vhdl/base_xadc_0_soft_reset.vhd:273]
	Parameter INIT bound to: 1'b0 
	Parameter IS_CE_INVERTED bound to: 1'b0 
	Parameter IS_C_INVERTED bound to: 1'b0 
	Parameter IS_D_INVERTED bound to: 1'b0 
	Parameter IS_R_INVERTED bound to: 1'b0 
	Parameter IS_S_INVERTED bound to: 1'b0 
INFO: [Synth 8-113] binding component instance 'RST_FLOPS' to cell 'FDRSE' [/home/eashanw/Audio_open/audio-revamp-soc/PYNQ/boards/Pynq-Z2/base/base/base.srcs/sources_1/bd/base/ip/base_xadc_0/proc_common_v3_30_a/hdl/src/vhdl/base_xadc_0_soft_reset.vhd:273]
	Parameter INIT bound to: 1'b0 
	Parameter IS_CE_INVERTED bound to: 1'b0 
	Parameter IS_C_INVERTED bound to: 1'b0 
	Parameter IS_D_INVERTED bound to: 1'b0 
	Parameter IS_R_INVERTED bound to: 1'b0 
	Parameter IS_S_INVERTED bound to: 1'b0 
INFO: [Synth 8-113] binding component instance 'RST_FLOPS' to cell 'FDRSE' [/home/eashanw/Audio_open/audio-revamp-soc/PYNQ/boards/Pynq-Z2/base/base/base.srcs/sources_1/bd/base/ip/base_xadc_0/proc_common_v3_30_a/hdl/src/vhdl/base_xadc_0_soft_reset.vhd:273]
	Parameter INIT bound to: 1'b0 
	Parameter IS_CE_INVERTED bound to: 1'b0 
	Parameter IS_C_INVERTED bound to: 1'b0 
	Parameter IS_D_INVERTED bound to: 1'b0 
	Parameter IS_R_INVERTED bound to: 1'b0 
	Parameter IS_S_INVERTED bound to: 1'b0 
INFO: [Synth 8-113] binding component instance 'RST_FLOPS' to cell 'FDRSE' [/home/eashanw/Audio_open/audio-revamp-soc/PYNQ/boards/Pynq-Z2/base/base/base.srcs/sources_1/bd/base/ip/base_xadc_0/proc_common_v3_30_a/hdl/src/vhdl/base_xadc_0_soft_reset.vhd:273]
	Parameter INIT bound to: 1'b0 
	Parameter IS_CE_INVERTED bound to: 1'b0 
	Parameter IS_C_INVERTED bound to: 1'b0 
	Parameter IS_D_INVERTED bound to: 1'b0 
	Parameter IS_R_INVERTED bound to: 1'b0 
	Parameter IS_S_INVERTED bound to: 1'b0 
INFO: [Synth 8-113] binding component instance 'RST_FLOPS' to cell 'FDRSE' [/home/eashanw/Audio_open/audio-revamp-soc/PYNQ/boards/Pynq-Z2/base/base/base.srcs/sources_1/bd/base/ip/base_xadc_0/proc_common_v3_30_a/hdl/src/vhdl/base_xadc_0_soft_reset.vhd:273]
	Parameter INIT bound to: 1'b0 
	Parameter IS_CE_INVERTED bound to: 1'b0 
	Parameter IS_C_INVERTED bound to: 1'b0 
	Parameter IS_D_INVERTED bound to: 1'b0 
	Parameter IS_R_INVERTED bound to: 1'b0 
	Parameter IS_S_INVERTED bound to: 1'b0 
INFO: [Synth 8-113] binding component instance 'RST_FLOPS' to cell 'FDRSE' [/home/eashanw/Audio_open/audio-revamp-soc/PYNQ/boards/Pynq-Z2/base/base/base.srcs/sources_1/bd/base/ip/base_xadc_0/proc_common_v3_30_a/hdl/src/vhdl/base_xadc_0_soft_reset.vhd:273]
	Parameter INIT bound to: 1'b0 
	Parameter IS_CE_INVERTED bound to: 1'b0 
	Parameter IS_C_INVERTED bound to: 1'b0 
	Parameter IS_D_INVERTED bound to: 1'b0 
	Parameter IS_R_INVERTED bound to: 1'b0 
	Parameter IS_S_INVERTED bound to: 1'b0 
INFO: [Synth 8-113] binding component instance 'RST_FLOPS' to cell 'FDRSE' [/home/eashanw/Audio_open/audio-revamp-soc/PYNQ/boards/Pynq-Z2/base/base/base.srcs/sources_1/bd/base/ip/base_xadc_0/proc_common_v3_30_a/hdl/src/vhdl/base_xadc_0_soft_reset.vhd:273]
	Parameter INIT bound to: 1'b0 
	Parameter IS_CE_INVERTED bound to: 1'b0 
	Parameter IS_C_INVERTED bound to: 1'b0 
	Parameter IS_D_INVERTED bound to: 1'b0 
	Parameter IS_R_INVERTED bound to: 1'b0 
	Parameter IS_S_INVERTED bound to: 1'b0 
INFO: [Synth 8-113] binding component instance 'RST_FLOPS' to cell 'FDRSE' [/home/eashanw/Audio_open/audio-revamp-soc/PYNQ/boards/Pynq-Z2/base/base/base.srcs/sources_1/bd/base/ip/base_xadc_0/proc_common_v3_30_a/hdl/src/vhdl/base_xadc_0_soft_reset.vhd:273]
	Parameter INIT bound to: 1'b0 
	Parameter IS_CE_INVERTED bound to: 1'b0 
	Parameter IS_C_INVERTED bound to: 1'b0 
	Parameter IS_D_INVERTED bound to: 1'b0 
	Parameter IS_R_INVERTED bound to: 1'b0 
	Parameter IS_S_INVERTED bound to: 1'b0 
INFO: [Synth 8-113] binding component instance 'RST_FLOPS' to cell 'FDRSE' [/home/eashanw/Audio_open/audio-revamp-soc/PYNQ/boards/Pynq-Z2/base/base/base.srcs/sources_1/bd/base/ip/base_xadc_0/proc_common_v3_30_a/hdl/src/vhdl/base_xadc_0_soft_reset.vhd:273]
	Parameter INIT bound to: 1'b0 
	Parameter IS_CE_INVERTED bound to: 1'b0 
	Parameter IS_C_INVERTED bound to: 1'b0 
	Parameter IS_D_INVERTED bound to: 1'b0 
	Parameter IS_R_INVERTED bound to: 1'b0 
	Parameter IS_S_INVERTED bound to: 1'b0 
INFO: [Synth 8-113] binding component instance 'RST_FLOPS' to cell 'FDRSE' [/home/eashanw/Audio_open/audio-revamp-soc/PYNQ/boards/Pynq-Z2/base/base/base.srcs/sources_1/bd/base/ip/base_xadc_0/proc_common_v3_30_a/hdl/src/vhdl/base_xadc_0_soft_reset.vhd:273]
	Parameter INIT bound to: 1'b0 
	Parameter IS_CE_INVERTED bound to: 1'b0 
	Parameter IS_C_INVERTED bound to: 1'b0 
	Parameter IS_D_INVERTED bound to: 1'b0 
	Parameter IS_R_INVERTED bound to: 1'b0 
	Parameter IS_S_INVERTED bound to: 1'b0 
INFO: [Synth 8-113] binding component instance 'FF_WRACK' to cell 'FDRSE' [/home/eashanw/Audio_open/audio-revamp-soc/PYNQ/boards/Pynq-Z2/base/base/base.srcs/sources_1/bd/base/ip/base_xadc_0/proc_common_v3_30_a/hdl/src/vhdl/base_xadc_0_soft_reset.vhd:296]
INFO: [Synth 8-256] done synthesizing module 'base_xadc_0_soft_reset' (6#1) [/home/eashanw/Audio_open/audio-revamp-soc/PYNQ/boards/Pynq-Z2/base/base/base.srcs/sources_1/bd/base/ip/base_xadc_0/proc_common_v3_30_a/hdl/src/vhdl/base_xadc_0_soft_reset.vhd:142]
INFO: [Synth 8-638] synthesizing module 'base_xadc_0_interrupt_control' [/home/eashanw/Audio_open/audio-revamp-soc/PYNQ/boards/Pynq-Z2/base/base/base.srcs/sources_1/bd/base/ip/base_xadc_0/interrupt_control_v2_01_a/hdl/src/vhdl/base_xadc_0_interrupt_control.vhd:240]
	Parameter C_NUM_CE bound to: 16 - type: integer 
	Parameter C_NUM_IPIF_IRPT_SRC bound to: 1 - type: integer 
	Parameter C_IP_INTR_MODE_ARRAY bound to: 544'b0000000000000000000000000000010100000000000000000000000000000101000000000000000000000000000001010000000000000000000000000000010100000000000000000000000000000101000000000000000000000000000001010000000000000000000000000000010100000000000000000000000000000101000000000000000000000000000001010000000000000000000000000000010100000000000000000000000000000101000000000000000000000000000001010000000000000000000000000000010100000000000000000000000000000101000000000000000000000000000001010000000000000000000000000000010100000000000000000000000000000101 
	Parameter C_INCLUDE_DEV_PENCODER bound to: 0 - type: bool 
	Parameter C_INCLUDE_DEV_ISC bound to: 0 - type: bool 
	Parameter C_IPIF_DWIDTH bound to: 32 - type: integer 
INFO: [Synth 8-256] done synthesizing module 'base_xadc_0_interrupt_control' (7#1) [/home/eashanw/Audio_open/audio-revamp-soc/PYNQ/boards/Pynq-Z2/base/base/base.srcs/sources_1/bd/base/ip/base_xadc_0/interrupt_control_v2_01_a/hdl/src/vhdl/base_xadc_0_interrupt_control.vhd:240]
INFO: [Synth 8-256] done synthesizing module 'base_xadc_0_axi_xadc' (8#1) [/home/eashanw/Audio_open/audio-revamp-soc/PYNQ/boards/Pynq-Z2/base/base/base.srcs/sources_1/bd/base/ip/base_xadc_0/base_xadc_0_axi_xadc.vhd:246]
INFO: [Synth 8-6155] done synthesizing module 'base_xadc_0' (9#1) [/home/eashanw/Audio_open/audio-revamp-soc/PYNQ/boards/Pynq-Z2/base/base/base.srcs/sources_1/bd/base/ip/base_xadc_0/base_xadc_0.v:53]
WARNING: [Synth 8-3331] design base_xadc_0_interrupt_control has unconnected port Bus2IP_Data[1]
WARNING: [Synth 8-3331] design base_xadc_0_interrupt_control has unconnected port Bus2IP_Data[2]
WARNING: [Synth 8-3331] design base_xadc_0_interrupt_control has unconnected port Bus2IP_Data[3]
WARNING: [Synth 8-3331] design base_xadc_0_interrupt_control has unconnected port Bus2IP_Data[4]
WARNING: [Synth 8-3331] design base_xadc_0_interrupt_control has unconnected port Bus2IP_Data[5]
WARNING: [Synth 8-3331] design base_xadc_0_interrupt_control has unconnected port Bus2IP_Data[6]
WARNING: [Synth 8-3331] design base_xadc_0_interrupt_control has unconnected port Bus2IP_Data[7]
WARNING: [Synth 8-3331] design base_xadc_0_interrupt_control has unconnected port Bus2IP_Data[8]
WARNING: [Synth 8-3331] design base_xadc_0_interrupt_control has unconnected port Bus2IP_Data[9]
WARNING: [Synth 8-3331] design base_xadc_0_interrupt_control has unconnected port Bus2IP_Data[10]
WARNING: [Synth 8-3331] design base_xadc_0_interrupt_control has unconnected port Bus2IP_Data[11]
WARNING: [Synth 8-3331] design base_xadc_0_interrupt_control has unconnected port Bus2IP_Data[12]
WARNING: [Synth 8-3331] design base_xadc_0_interrupt_control has unconnected port Bus2IP_Data[13]
WARNING: [Synth 8-3331] design base_xadc_0_interrupt_control has unconnected port Bus2IP_Data[14]
WARNING: [Synth 8-3331] design base_xadc_0_interrupt_control has unconnected port Bus2IP_BE[1]
WARNING: [Synth 8-3331] design base_xadc_0_interrupt_control has unconnected port Bus2IP_BE[2]
WARNING: [Synth 8-3331] design base_xadc_0_interrupt_control has unconnected port Bus2IP_BE[3]
WARNING: [Synth 8-3331] design base_xadc_0_interrupt_control has unconnected port Interrupt_RdCE[0]
WARNING: [Synth 8-3331] design base_xadc_0_interrupt_control has unconnected port Interrupt_RdCE[1]
WARNING: [Synth 8-3331] design base_xadc_0_interrupt_control has unconnected port Interrupt_RdCE[2]
WARNING: [Synth 8-3331] design base_xadc_0_interrupt_control has unconnected port Interrupt_RdCE[3]
WARNING: [Synth 8-3331] design base_xadc_0_interrupt_control has unconnected port Interrupt_RdCE[4]
WARNING: [Synth 8-3331] design base_xadc_0_interrupt_control has unconnected port Interrupt_RdCE[5]
WARNING: [Synth 8-3331] design base_xadc_0_interrupt_control has unconnected port Interrupt_RdCE[6]
WARNING: [Synth 8-3331] design base_xadc_0_interrupt_control has unconnected port Interrupt_RdCE[9]
WARNING: [Synth 8-3331] design base_xadc_0_interrupt_control has unconnected port Interrupt_RdCE[11]
WARNING: [Synth 8-3331] design base_xadc_0_interrupt_control has unconnected port Interrupt_RdCE[12]
WARNING: [Synth 8-3331] design base_xadc_0_interrupt_control has unconnected port Interrupt_RdCE[13]
WARNING: [Synth 8-3331] design base_xadc_0_interrupt_control has unconnected port Interrupt_RdCE[14]
WARNING: [Synth 8-3331] design base_xadc_0_interrupt_control has unconnected port Interrupt_RdCE[15]
WARNING: [Synth 8-3331] design base_xadc_0_interrupt_control has unconnected port Interrupt_WrCE[0]
WARNING: [Synth 8-3331] design base_xadc_0_interrupt_control has unconnected port Interrupt_WrCE[1]
WARNING: [Synth 8-3331] design base_xadc_0_interrupt_control has unconnected port Interrupt_WrCE[2]
WARNING: [Synth 8-3331] design base_xadc_0_interrupt_control has unconnected port Interrupt_WrCE[3]
WARNING: [Synth 8-3331] design base_xadc_0_interrupt_control has unconnected port Interrupt_WrCE[4]
WARNING: [Synth 8-3331] design base_xadc_0_interrupt_control has unconnected port Interrupt_WrCE[5]
WARNING: [Synth 8-3331] design base_xadc_0_interrupt_control has unconnected port Interrupt_WrCE[6]
WARNING: [Synth 8-3331] design base_xadc_0_interrupt_control has unconnected port Interrupt_WrCE[9]
WARNING: [Synth 8-3331] design base_xadc_0_interrupt_control has unconnected port Interrupt_WrCE[11]
WARNING: [Synth 8-3331] design base_xadc_0_interrupt_control has unconnected port Interrupt_WrCE[12]
WARNING: [Synth 8-3331] design base_xadc_0_interrupt_control has unconnected port Interrupt_WrCE[13]
WARNING: [Synth 8-3331] design base_xadc_0_interrupt_control has unconnected port Interrupt_WrCE[14]
WARNING: [Synth 8-3331] design base_xadc_0_interrupt_control has unconnected port Interrupt_WrCE[15]
WARNING: [Synth 8-3331] design base_xadc_0_interrupt_control has unconnected port IPIF_Reg_Interrupts[0]
WARNING: [Synth 8-3331] design base_xadc_0_interrupt_control has unconnected port IPIF_Reg_Interrupts[1]
WARNING: [Synth 8-3331] design base_xadc_0_interrupt_control has unconnected port IPIF_Lvl_Interrupts[0]
WARNING: [Synth 8-3331] design base_xadc_0_soft_reset has unconnected port Bus2IP_Data[0]
WARNING: [Synth 8-3331] design base_xadc_0_soft_reset has unconnected port Bus2IP_Data[1]
WARNING: [Synth 8-3331] design base_xadc_0_soft_reset has unconnected port Bus2IP_Data[2]
WARNING: [Synth 8-3331] design base_xadc_0_soft_reset has unconnected port Bus2IP_Data[3]
WARNING: [Synth 8-3331] design base_xadc_0_soft_reset has unconnected port Bus2IP_Data[4]
WARNING: [Synth 8-3331] design base_xadc_0_soft_reset has unconnected port Bus2IP_Data[5]
WARNING: [Synth 8-3331] design base_xadc_0_soft_reset has unconnected port Bus2IP_Data[6]
WARNING: [Synth 8-3331] design base_xadc_0_soft_reset has unconnected port Bus2IP_Data[7]
WARNING: [Synth 8-3331] design base_xadc_0_soft_reset has unconnected port Bus2IP_Data[8]
WARNING: [Synth 8-3331] design base_xadc_0_soft_reset has unconnected port Bus2IP_Data[9]
WARNING: [Synth 8-3331] design base_xadc_0_soft_reset has unconnected port Bus2IP_Data[10]
WARNING: [Synth 8-3331] design base_xadc_0_soft_reset has unconnected port Bus2IP_Data[11]
WARNING: [Synth 8-3331] design base_xadc_0_soft_reset has unconnected port Bus2IP_Data[12]
WARNING: [Synth 8-3331] design base_xadc_0_soft_reset has unconnected port Bus2IP_Data[13]
WARNING: [Synth 8-3331] design base_xadc_0_soft_reset has unconnected port Bus2IP_Data[14]
WARNING: [Synth 8-3331] design base_xadc_0_soft_reset has unconnected port Bus2IP_Data[15]
WARNING: [Synth 8-3331] design base_xadc_0_soft_reset has unconnected port Bus2IP_Data[16]
WARNING: [Synth 8-3331] design base_xadc_0_soft_reset has unconnected port Bus2IP_Data[17]
WARNING: [Synth 8-3331] design base_xadc_0_soft_reset has unconnected port Bus2IP_Data[18]
WARNING: [Synth 8-3331] design base_xadc_0_soft_reset has unconnected port Bus2IP_Data[19]
WARNING: [Synth 8-3331] design base_xadc_0_soft_reset has unconnected port Bus2IP_Data[20]
WARNING: [Synth 8-3331] design base_xadc_0_soft_reset has unconnected port Bus2IP_Data[21]
WARNING: [Synth 8-3331] design base_xadc_0_soft_reset has unconnected port Bus2IP_Data[22]
WARNING: [Synth 8-3331] design base_xadc_0_soft_reset has unconnected port Bus2IP_Data[23]
WARNING: [Synth 8-3331] design base_xadc_0_soft_reset has unconnected port Bus2IP_Data[24]
WARNING: [Synth 8-3331] design base_xadc_0_soft_reset has unconnected port Bus2IP_Data[25]
WARNING: [Synth 8-3331] design base_xadc_0_soft_reset has unconnected port Bus2IP_Data[26]
WARNING: [Synth 8-3331] design base_xadc_0_soft_reset has unconnected port Bus2IP_Data[27]
WARNING: [Synth 8-3331] design base_xadc_0_soft_reset has unconnected port Bus2IP_BE[0]
WARNING: [Synth 8-3331] design base_xadc_0_soft_reset has unconnected port Bus2IP_BE[1]
WARNING: [Synth 8-3331] design base_xadc_0_soft_reset has unconnected port Bus2IP_BE[2]
WARNING: [Synth 8-3331] design base_xadc_0_xadc_core_drp has unconnected port Bus2IP_RdCE[0]
WARNING: [Synth 8-3331] design base_xadc_0_xadc_core_drp has unconnected port Bus2IP_RdCE[5]
WARNING: [Synth 8-3331] design base_xadc_0_xadc_core_drp has unconnected port Bus2IP_RdCE[6]
WARNING: [Synth 8-3331] design base_xadc_0_xadc_core_drp has unconnected port Bus2IP_RdCE[7]
WARNING: [Synth 8-3331] design base_xadc_0_xadc_core_drp has unconnected port Bus2IP_WrCE[0]
WARNING: [Synth 8-3331] design base_xadc_0_xadc_core_drp has unconnected port Bus2IP_WrCE[5]
WARNING: [Synth 8-3331] design base_xadc_0_xadc_core_drp has unconnected port Bus2IP_WrCE[6]
WARNING: [Synth 8-3331] design base_xadc_0_xadc_core_drp has unconnected port Bus2IP_WrCE[7]
WARNING: [Synth 8-3331] design base_xadc_0_xadc_core_drp has unconnected port Bus2IP_Addr[0]
WARNING: [Synth 8-3331] design base_xadc_0_xadc_core_drp has unconnected port Bus2IP_Addr[1]
WARNING: [Synth 8-3331] design base_xadc_0_xadc_core_drp has unconnected port Bus2IP_Addr[9]
WARNING: [Synth 8-3331] design base_xadc_0_xadc_core_drp has unconnected port Bus2IP_Addr[10]
WARNING: [Synth 8-3331] design base_xadc_0_xadc_core_drp has unconnected port Bus2IP_Data[0]
WARNING: [Synth 8-3331] design base_xadc_0_xadc_core_drp has unconnected port Bus2IP_Data[1]
WARNING: [Synth 8-3331] design base_xadc_0_xadc_core_drp has unconnected port Bus2IP_Data[2]
WARNING: [Synth 8-3331] design base_xadc_0_xadc_core_drp has unconnected port Bus2IP_Data[3]
WARNING: [Synth 8-3331] design base_xadc_0_xadc_core_drp has unconnected port Bus2IP_Data[4]
WARNING: [Synth 8-3331] design base_xadc_0_xadc_core_drp has unconnected port Bus2IP_Data[5]
WARNING: [Synth 8-3331] design base_xadc_0_xadc_core_drp has unconnected port Bus2IP_Data[6]
WARNING: [Synth 8-3331] design base_xadc_0_xadc_core_drp has unconnected port Bus2IP_Data[7]
WARNING: [Synth 8-3331] design base_xadc_0_xadc_core_drp has unconnected port Bus2IP_Data[8]
WARNING: [Synth 8-3331] design base_xadc_0_xadc_core_drp has unconnected port Bus2IP_Data[9]
WARNING: [Synth 8-3331] design base_xadc_0_xadc_core_drp has unconnected port Bus2IP_Data[10]
INFO: [Common 17-14] Message 'Synth 8-3331' appears 100 times and further instances of the messages will be disabled. Use the Tcl command set_msg_config to change the current settings.
---------------------------------------------------------------------------------
Finished RTL Elaboration : Time (s): cpu = 00:00:12 ; elapsed = 00:00:18 . Memory (MB): peak = 1527.316 ; gain = 145.109 ; free physical = 23172 ; free virtual = 33843
---------------------------------------------------------------------------------

Report Check Netlist: 
+------+------------------+-------+---------+-------+------------------+
|      |Item              |Errors |Warnings |Status |Description       |
+------+------------------+-------+---------+-------+------------------+
|1     |multi_driven_nets |      0|        0|Passed |Multi driven nets |
+------+------------------+-------+---------+-------+------------------+
---------------------------------------------------------------------------------
Start Handling Custom Attributes
---------------------------------------------------------------------------------
---------------------------------------------------------------------------------
Finished Handling Custom Attributes : Time (s): cpu = 00:00:13 ; elapsed = 00:00:19 . Memory (MB): peak = 1527.316 ; gain = 145.109 ; free physical = 23174 ; free virtual = 33846
---------------------------------------------------------------------------------
---------------------------------------------------------------------------------
Finished RTL Optimization Phase 1 : Time (s): cpu = 00:00:13 ; elapsed = 00:00:19 . Memory (MB): peak = 1527.316 ; gain = 145.109 ; free physical = 23174 ; free virtual = 33846
---------------------------------------------------------------------------------
INFO: [Netlist 29-17] Analyzing 18 Unisim elements for replacement
INFO: [Netlist 29-28] Unisim Transformation completed in 0 CPU seconds
INFO: [Device 21-403] Loading part xc7z020clg400-1
INFO: [Project 1-570] Preparing netlist for logic optimization

Processing XDC Constraints
Initializing timing engine
Parsing XDC File [/home/eashanw/Audio_open/audio-revamp-soc/PYNQ/boards/Pynq-Z2/base/base/base.srcs/sources_1/bd/base/ip/base_xadc_0/base_xadc_0_ooc.xdc] for cell 'inst'
Finished Parsing XDC File [/home/eashanw/Audio_open/audio-revamp-soc/PYNQ/boards/Pynq-Z2/base/base/base.srcs/sources_1/bd/base/ip/base_xadc_0/base_xadc_0_ooc.xdc] for cell 'inst'
Parsing XDC File [/home/eashanw/Audio_open/audio-revamp-soc/PYNQ/boards/Pynq-Z2/base/base/base.srcs/sources_1/bd/base/ip/base_xadc_0/base_xadc_0.xdc] for cell 'inst'
Finished Parsing XDC File [/home/eashanw/Audio_open/audio-revamp-soc/PYNQ/boards/Pynq-Z2/base/base/base.srcs/sources_1/bd/base/ip/base_xadc_0/base_xadc_0.xdc] for cell 'inst'
Parsing XDC File [/home/eashanw/Audio_open/audio-revamp-soc/PYNQ/boards/Pynq-Z2/base/base/base.runs/base_xadc_0_synth_1/dont_touch.xdc]
Finished Parsing XDC File [/home/eashanw/Audio_open/audio-revamp-soc/PYNQ/boards/Pynq-Z2/base/base/base.runs/base_xadc_0_synth_1/dont_touch.xdc]
Completed Processing XDC Constraints

Netlist sorting complete. Time (s): cpu = 00:00:00 ; elapsed = 00:00:00 . Memory (MB): peak = 1935.023 ; gain = 0.000 ; free physical = 21440 ; free virtual = 32165
INFO: [Project 1-111] Unisim Transformation Summary:
  A total of 17 instances were transformed.
  FDRSE => FDRSE (FDRE, LUT4, VCC): 17 instances

Netlist sorting complete. Time (s): cpu = 00:00:00 ; elapsed = 00:00:00 . Memory (MB): peak = 1935.031 ; gain = 0.000 ; free physical = 21446 ; free virtual = 32172
Constraint Validation Runtime : Time (s): cpu = 00:00:00.03 ; elapsed = 00:00:00.28 . Memory (MB): peak = 1935.031 ; gain = 0.008 ; free physical = 21436 ; free virtual = 32163
---------------------------------------------------------------------------------
Finished Constraint Validation : Time (s): cpu = 00:00:56 ; elapsed = 00:01:11 . Memory (MB): peak = 1935.031 ; gain = 552.824 ; free physical = 21321 ; free virtual = 32051
---------------------------------------------------------------------------------
---------------------------------------------------------------------------------
Start Loading Part and Timing Information
---------------------------------------------------------------------------------
Loading part: xc7z020clg400-1
---------------------------------------------------------------------------------
Finished Loading Part and Timing Information : Time (s): cpu = 00:00:56 ; elapsed = 00:01:11 . Memory (MB): peak = 1935.031 ; gain = 552.824 ; free physical = 21320 ; free virtual = 32050
---------------------------------------------------------------------------------
---------------------------------------------------------------------------------
Start Applying 'set_property' XDC Constraints
---------------------------------------------------------------------------------
Applied set_property DONT_TOUCH = true for inst. (constraint file  /home/eashanw/Audio_open/audio-revamp-soc/PYNQ/boards/Pynq-Z2/base/base/base.runs/base_xadc_0_synth_1/dont_touch.xdc, line 9).
---------------------------------------------------------------------------------
Finished applying 'set_property' XDC Constraints : Time (s): cpu = 00:00:56 ; elapsed = 00:01:11 . Memory (MB): peak = 1935.031 ; gain = 552.824 ; free physical = 21317 ; free virtual = 32048
---------------------------------------------------------------------------------
INFO: [Synth 8-802] inferred FSM for state register 'state_reg' in module 'base_xadc_0_slave_attachment'
INFO: [Synth 8-5544] ROM "s_axi_rresp_i" won't be mapped to Block RAM because address size (2) smaller than threshold (5)
INFO: [Synth 8-5544] ROM "s_axi_rresp_i" won't be mapped to Block RAM because address size (2) smaller than threshold (5)
INFO: [Synth 8-5544] ROM "s_axi_bresp_i" won't be mapped to Block RAM because address size (2) smaller than threshold (5)
INFO: [Synth 8-5544] ROM "s_axi_bresp_i" won't be mapped to Block RAM because address size (2) smaller than threshold (5)
INFO: [Synth 8-5544] ROM "state" won't be mapped to Block RAM because address size (1) smaller than threshold (5)
INFO: [Synth 8-5544] ROM "state" won't be mapped to Block RAM because address size (1) smaller than threshold (5)
INFO: [Synth 8-5544] ROM "state" won't be mapped to Block RAM because address size (1) smaller than threshold (5)
INFO: [Synth 8-5544] ROM "state" won't be mapped to Block RAM because address size (1) smaller than threshold (5)
---------------------------------------------------------------------------------------------------
                   State |                     New Encoding |                Previous Encoding 
---------------------------------------------------------------------------------------------------
                 sm_idle |                             0010 |                               00
                 sm_read |                             1000 |                               01
                sm_write |                             0100 |                               10
                 sm_resp |                             0001 |                               11
---------------------------------------------------------------------------------------------------
INFO: [Synth 8-3354] encoded FSM with state register 'state_reg' using encoding 'one-hot' in module 'base_xadc_0_slave_attachment'
---------------------------------------------------------------------------------
Finished RTL Optimization Phase 2 : Time (s): cpu = 00:00:57 ; elapsed = 00:01:12 . Memory (MB): peak = 1935.031 ; gain = 552.824 ; free physical = 21195 ; free virtual = 31926
---------------------------------------------------------------------------------

Report RTL Partitions: 
+-+--------------+------------+----------+
| |RTL Partition |Replication |Instances |
+-+--------------+------------+----------+
+-+--------------+------------+----------+
---------------------------------------------------------------------------------
Start RTL Component Statistics 
---------------------------------------------------------------------------------
Detailed RTL Component Info : 
+---Adders : 
	   2 Input      7 Bit       Adders := 1     
+---XORs : 
	   2 Input      1 Bit         XORs := 17    
+---Registers : 
	               32 Bit    Registers := 2     
	               17 Bit    Registers := 1     
	               16 Bit    Registers := 1     
	               11 Bit    Registers := 1     
	                9 Bit    Registers := 1     
	                7 Bit    Registers := 1     
	                2 Bit    Registers := 2     
	                1 Bit    Registers := 124   
+---Muxes : 
	   2 Input     32 Bit        Muxes := 3     
	   4 Input     18 Bit        Muxes := 1     
	   2 Input     10 Bit        Muxes := 1     
	   4 Input      4 Bit        Muxes := 1     
	   2 Input      4 Bit        Muxes := 6     
	   2 Input      2 Bit        Muxes := 2     
	   2 Input      1 Bit        Muxes := 53    
	   3 Input      1 Bit        Muxes := 1     
---------------------------------------------------------------------------------
Finished RTL Component Statistics 
---------------------------------------------------------------------------------
---------------------------------------------------------------------------------
Start RTL Hierarchical Component Statistics 
---------------------------------------------------------------------------------
Hierarchical RTL Component report 
Module base_xadc_0_pselect_f 
Detailed RTL Component Info : 
+---Muxes : 
	   2 Input      1 Bit        Muxes := 1     
Module base_xadc_0_pselect_f__parameterized8 
Detailed RTL Component Info : 
+---Muxes : 
	   2 Input      1 Bit        Muxes := 1     
Module base_xadc_0_pselect_f__parameterized0 
Detailed RTL Component Info : 
+---Muxes : 
	   2 Input      1 Bit        Muxes := 1     
Module base_xadc_0_pselect_f__parameterized1 
Detailed RTL Component Info : 
+---Muxes : 
	   2 Input      1 Bit        Muxes := 1     
Module base_xadc_0_pselect_f__parameterized2 
Detailed RTL Component Info : 
+---Muxes : 
	   2 Input      1 Bit        Muxes := 1     
Module base_xadc_0_pselect_f__parameterized3 
Detailed RTL Component Info : 
+---Muxes : 
	   2 Input      1 Bit        Muxes := 1     
Module base_xadc_0_pselect_f__parameterized4 
Detailed RTL Component Info : 
+---Muxes : 
	   2 Input      1 Bit        Muxes := 1     
Module base_xadc_0_pselect_f__parameterized5 
Detailed RTL Component Info : 
+---Muxes : 
	   2 Input      1 Bit        Muxes := 1     
Module base_xadc_0_pselect_f__parameterized6 
Detailed RTL Component Info : 
+---Muxes : 
	   2 Input      1 Bit        Muxes := 1     
Module base_xadc_0_pselect_f__parameterized7 
Detailed RTL Component Info : 
+---Muxes : 
	   2 Input      1 Bit        Muxes := 1     
Module base_xadc_0_pselect_f__parameterized9 
Detailed RTL Component Info : 
+---Muxes : 
	   2 Input      1 Bit        Muxes := 1     
Module base_xadc_0_pselect_f__parameterized10 
Detailed RTL Component Info : 
+---Muxes : 
	   2 Input      1 Bit        Muxes := 1     
Module base_xadc_0_pselect_f__parameterized11 
Detailed RTL Component Info : 
+---Muxes : 
	   2 Input      1 Bit        Muxes := 1     
Module base_xadc_0_pselect_f__parameterized12 
Detailed RTL Component Info : 
+---Muxes : 
	   2 Input      1 Bit        Muxes := 1     
Module base_xadc_0_pselect_f__parameterized13 
Detailed RTL Component Info : 
+---Muxes : 
	   2 Input      1 Bit        Muxes := 1     
Module base_xadc_0_pselect_f__parameterized14 
Detailed RTL Component Info : 
+---Muxes : 
	   2 Input      1 Bit        Muxes := 1     
Module base_xadc_0_pselect_f__parameterized15 
Detailed RTL Component Info : 
+---Muxes : 
	   2 Input      1 Bit        Muxes := 1     
Module base_xadc_0_pselect_f__parameterized16 
Detailed RTL Component Info : 
+---Muxes : 
	   2 Input      1 Bit        Muxes := 1     
Module base_xadc_0_pselect_f__parameterized17 
Detailed RTL Component Info : 
+---Muxes : 
	   2 Input      1 Bit        Muxes := 1     
Module base_xadc_0_pselect_f__parameterized18 
Detailed RTL Component Info : 
+---Muxes : 
	   2 Input      1 Bit        Muxes := 1     
Module base_xadc_0_pselect_f__parameterized19 
Detailed RTL Component Info : 
+---Muxes : 
	   2 Input      1 Bit        Muxes := 1     
Module base_xadc_0_pselect_f__parameterized20 
Detailed RTL Component Info : 
+---Muxes : 
	   2 Input      1 Bit        Muxes := 1     
Module base_xadc_0_pselect_f__parameterized21 
Detailed RTL Component Info : 
+---Muxes : 
	   2 Input      1 Bit        Muxes := 1     
Module base_xadc_0_pselect_f__parameterized22 
Detailed RTL Component Info : 
+---Muxes : 
	   2 Input      1 Bit        Muxes := 1     
Module base_xadc_0_pselect_f__parameterized23 
Detailed RTL Component Info : 
+---Muxes : 
	   2 Input      1 Bit        Muxes := 1     
Module base_xadc_0_pselect_f__parameterized24 
Detailed RTL Component Info : 
+---Muxes : 
	   2 Input      1 Bit        Muxes := 1     
Module base_xadc_0_address_decoder 
Detailed RTL Component Info : 
+---Registers : 
	                1 Bit    Registers := 29    
Module base_xadc_0_slave_attachment 
Detailed RTL Component Info : 
+---Adders : 
	   2 Input      7 Bit       Adders := 1     
+---Registers : 
	               32 Bit    Registers := 1     
	                7 Bit    Registers := 1     
	                2 Bit    Registers := 2     
	                1 Bit    Registers := 3     
+---Muxes : 
	   2 Input     10 Bit        Muxes := 1     
	   4 Input      4 Bit        Muxes := 1     
	   2 Input      4 Bit        Muxes := 6     
	   2 Input      2 Bit        Muxes := 2     
	   2 Input      1 Bit        Muxes := 3     
Module base_xadc_0_xadc_core_drp 
Detailed RTL Component Info : 
+---Registers : 
	               16 Bit    Registers := 1     
	               11 Bit    Registers := 1     
	                9 Bit    Registers := 1     
	                1 Bit    Registers := 20    
+---Muxes : 
	   4 Input     18 Bit        Muxes := 1     
	   2 Input      1 Bit        Muxes := 5     
	   3 Input      1 Bit        Muxes := 1     
Module base_xadc_0_soft_reset 
Detailed RTL Component Info : 
+---Registers : 
	                1 Bit    Registers := 2     
Module base_xadc_0_interrupt_control 
Detailed RTL Component Info : 
+---XORs : 
	   2 Input      1 Bit         XORs := 17    
+---Registers : 
	               17 Bit    Registers := 1     
	                1 Bit    Registers := 56    
+---Muxes : 
	   2 Input     32 Bit        Muxes := 3     
	   2 Input      1 Bit        Muxes := 19    
Module base_xadc_0_axi_xadc 
Detailed RTL Component Info : 
+---Registers : 
	               32 Bit    Registers := 1     
	                1 Bit    Registers := 14    
---------------------------------------------------------------------------------
Finished RTL Hierarchical Component Statistics
---------------------------------------------------------------------------------
---------------------------------------------------------------------------------
Start Part Resource Summary
---------------------------------------------------------------------------------
Part Resources:
DSPs: 220 (col length:60)
BRAMs: 280 (col length: RAMB18 60 RAMB36 30)
---------------------------------------------------------------------------------
Finished Part Resource Summary
---------------------------------------------------------------------------------
---------------------------------------------------------------------------------
Start Cross Boundary and Area Optimization
---------------------------------------------------------------------------------
Warning: Parallel synthesis criteria is not met 
INFO: [Synth 8-4471] merging register 'INTR_CTRLR_GEN_I.INTERRUPT_CONTROL_I/DO_IRPT_INPUT[15].GEN_POS_EDGE_DETECT.irpt_dly1_reg' into 'INTR_CTRLR_GEN_I.INTERRUPT_CONTROL_I/DO_IRPT_INPUT[14].GEN_POS_EDGE_DETECT.irpt_dly1_reg' [/home/eashanw/Audio_open/audio-revamp-soc/PYNQ/boards/Pynq-Z2/base/base/base.srcs/sources_1/bd/base/ip/base_xadc_0/interrupt_control_v2_01_a/hdl/src/vhdl/base_xadc_0_interrupt_control.vhd:638]
INFO: [Synth 8-4471] merging register 'INTR_CTRLR_GEN_I.INTERRUPT_CONTROL_I/DO_IRPT_INPUT[15].GEN_POS_EDGE_DETECT.irpt_dly2_reg' into 'INTR_CTRLR_GEN_I.INTERRUPT_CONTROL_I/DO_IRPT_INPUT[14].GEN_POS_EDGE_DETECT.irpt_dly2_reg' [/home/eashanw/Audio_open/audio-revamp-soc/PYNQ/boards/Pynq-Z2/base/base/base.srcs/sources_1/bd/base/ip/base_xadc_0/interrupt_control_v2_01_a/hdl/src/vhdl/base_xadc_0_interrupt_control.vhd:639]
INFO: [Synth 8-4471] merging register 'INTR_CTRLR_GEN_I.INTERRUPT_CONTROL_I/DO_IRPT_INPUT[16].GEN_POS_EDGE_DETECT.irpt_dly1_reg' into 'INTR_CTRLR_GEN_I.INTERRUPT_CONTROL_I/DO_IRPT_INPUT[14].GEN_POS_EDGE_DETECT.irpt_dly1_reg' [/home/eashanw/Audio_open/audio-revamp-soc/PYNQ/boards/Pynq-Z2/base/base/base.srcs/sources_1/bd/base/ip/base_xadc_0/interrupt_control_v2_01_a/hdl/src/vhdl/base_xadc_0_interrupt_control.vhd:638]
INFO: [Synth 8-4471] merging register 'INTR_CTRLR_GEN_I.INTERRUPT_CONTROL_I/DO_IRPT_INPUT[16].GEN_POS_EDGE_DETECT.irpt_dly2_reg' into 'INTR_CTRLR_GEN_I.INTERRUPT_CONTROL_I/DO_IRPT_INPUT[14].GEN_POS_EDGE_DETECT.irpt_dly2_reg' [/home/eashanw/Audio_open/audio-revamp-soc/PYNQ/boards/Pynq-Z2/base/base/base.srcs/sources_1/bd/base/ip/base_xadc_0/interrupt_control_v2_01_a/hdl/src/vhdl/base_xadc_0_interrupt_control.vhd:639]
INFO: [Synth 8-4471] merging register 'bus2ip_reset_active_high_reg' into 'AXI_LITE_IPIF_I/I_SLAVE_ATTACHMENT/rst_reg' [/home/eashanw/Audio_open/audio-revamp-soc/PYNQ/boards/Pynq-Z2/base/base/base.srcs/sources_1/bd/base/ip/base_xadc_0/base_xadc_0_axi_xadc.vhd:659]
INFO: [Synth 8-3886] merging instance 'inst/INTR_CTRLR_GEN_I.ip2bus_data_int_reg[13]' (FDR) to 'inst/INTR_CTRLR_GEN_I.ip2bus_data_int_reg[12]'
INFO: [Synth 8-3886] merging instance 'inst/INTR_CTRLR_GEN_I.ip2bus_data_int_reg[12]' (FDR) to 'inst/INTR_CTRLR_GEN_I.ip2bus_data_int_reg[11]'
INFO: [Synth 8-3886] merging instance 'inst/INTR_CTRLR_GEN_I.ip2bus_data_int_reg[11]' (FDR) to 'inst/INTR_CTRLR_GEN_I.ip2bus_data_int_reg[10]'
INFO: [Synth 8-3886] merging instance 'inst/INTR_CTRLR_GEN_I.ip2bus_data_int_reg[10]' (FDR) to 'inst/INTR_CTRLR_GEN_I.ip2bus_data_int_reg[9]'
INFO: [Synth 8-3886] merging instance 'inst/INTR_CTRLR_GEN_I.ip2bus_data_int_reg[9]' (FDR) to 'inst/INTR_CTRLR_GEN_I.ip2bus_data_int_reg[8]'
INFO: [Synth 8-3886] merging instance 'inst/INTR_CTRLR_GEN_I.ip2bus_data_int_reg[8]' (FDR) to 'inst/INTR_CTRLR_GEN_I.ip2bus_data_int_reg[7]'
INFO: [Synth 8-3886] merging instance 'inst/INTR_CTRLR_GEN_I.ip2bus_data_int_reg[7]' (FDR) to 'inst/INTR_CTRLR_GEN_I.ip2bus_data_int_reg[6]'
INFO: [Synth 8-3886] merging instance 'inst/INTR_CTRLR_GEN_I.ip2bus_data_int_reg[6]' (FDR) to 'inst/INTR_CTRLR_GEN_I.ip2bus_data_int_reg[5]'
INFO: [Synth 8-3886] merging instance 'inst/INTR_CTRLR_GEN_I.ip2bus_data_int_reg[5]' (FDR) to 'inst/INTR_CTRLR_GEN_I.ip2bus_data_int_reg[4]'
INFO: [Synth 8-3886] merging instance 'inst/INTR_CTRLR_GEN_I.ip2bus_data_int_reg[4]' (FDR) to 'inst/INTR_CTRLR_GEN_I.ip2bus_data_int_reg[3]'
INFO: [Synth 8-3886] merging instance 'inst/INTR_CTRLR_GEN_I.ip2bus_data_int_reg[3]' (FDR) to 'inst/INTR_CTRLR_GEN_I.ip2bus_data_int_reg[2]'
INFO: [Synth 8-3886] merging instance 'inst/INTR_CTRLR_GEN_I.ip2bus_data_int_reg[2]' (FDR) to 'inst/INTR_CTRLR_GEN_I.ip2bus_data_int_reg[1]'
INFO: [Synth 8-3333] propagating constant 0 across sequential element (inst/\INTR_CTRLR_GEN_I.ip2bus_data_int_reg[1] )
INFO: [Synth 8-3333] propagating constant 0 across sequential element (inst/\AXI_LITE_IPIF_I/I_SLAVE_ATTACHMENT/s_axi_rresp_i_reg[0] )
INFO: [Synth 8-3886] merging instance 'inst/AXI_LITE_IPIF_I/I_SLAVE_ATTACHMENT/s_axi_rdata_i_reg[18]' (FDRE) to 'inst/AXI_LITE_IPIF_I/I_SLAVE_ATTACHMENT/s_axi_rdata_i_reg[19]'
INFO: [Synth 8-3886] merging instance 'inst/AXI_LITE_IPIF_I/I_SLAVE_ATTACHMENT/s_axi_rdata_i_reg[19]' (FDRE) to 'inst/AXI_LITE_IPIF_I/I_SLAVE_ATTACHMENT/s_axi_rdata_i_reg[20]'
INFO: [Synth 8-3886] merging instance 'inst/AXI_LITE_IPIF_I/I_SLAVE_ATTACHMENT/s_axi_rdata_i_reg[20]' (FDRE) to 'inst/AXI_LITE_IPIF_I/I_SLAVE_ATTACHMENT/s_axi_rdata_i_reg[21]'
INFO: [Synth 8-3886] merging instance 'inst/AXI_LITE_IPIF_I/I_SLAVE_ATTACHMENT/s_axi_rdata_i_reg[21]' (FDRE) to 'inst/AXI_LITE_IPIF_I/I_SLAVE_ATTACHMENT/s_axi_rdata_i_reg[22]'
INFO: [Synth 8-3886] merging instance 'inst/AXI_LITE_IPIF_I/I_SLAVE_ATTACHMENT/s_axi_rdata_i_reg[22]' (FDRE) to 'inst/AXI_LITE_IPIF_I/I_SLAVE_ATTACHMENT/s_axi_rdata_i_reg[23]'
INFO: [Synth 8-3886] merging instance 'inst/AXI_LITE_IPIF_I/I_SLAVE_ATTACHMENT/s_axi_rdata_i_reg[23]' (FDRE) to 'inst/AXI_LITE_IPIF_I/I_SLAVE_ATTACHMENT/s_axi_rdata_i_reg[24]'
INFO: [Synth 8-3886] merging instance 'inst/AXI_LITE_IPIF_I/I_SLAVE_ATTACHMENT/s_axi_rdata_i_reg[24]' (FDRE) to 'inst/AXI_LITE_IPIF_I/I_SLAVE_ATTACHMENT/s_axi_rdata_i_reg[25]'
INFO: [Synth 8-3886] merging instance 'inst/AXI_LITE_IPIF_I/I_SLAVE_ATTACHMENT/s_axi_rdata_i_reg[25]' (FDRE) to 'inst/AXI_LITE_IPIF_I/I_SLAVE_ATTACHMENT/s_axi_rdata_i_reg[26]'
INFO: [Synth 8-3886] merging instance 'inst/AXI_LITE_IPIF_I/I_SLAVE_ATTACHMENT/s_axi_rdata_i_reg[26]' (FDRE) to 'inst/AXI_LITE_IPIF_I/I_SLAVE_ATTACHMENT/s_axi_rdata_i_reg[27]'
INFO: [Synth 8-3886] merging instance 'inst/AXI_LITE_IPIF_I/I_SLAVE_ATTACHMENT/s_axi_rdata_i_reg[27]' (FDRE) to 'inst/AXI_LITE_IPIF_I/I_SLAVE_ATTACHMENT/s_axi_rdata_i_reg[28]'
INFO: [Synth 8-3886] merging instance 'inst/AXI_LITE_IPIF_I/I_SLAVE_ATTACHMENT/s_axi_rdata_i_reg[28]' (FDRE) to 'inst/AXI_LITE_IPIF_I/I_SLAVE_ATTACHMENT/s_axi_rdata_i_reg[29]'
INFO: [Synth 8-3886] merging instance 'inst/AXI_LITE_IPIF_I/I_SLAVE_ATTACHMENT/s_axi_rdata_i_reg[29]' (FDRE) to 'inst/AXI_LITE_IPIF_I/I_SLAVE_ATTACHMENT/s_axi_rdata_i_reg[30]'
INFO: [Synth 8-3333] propagating constant 0 across sequential element (inst/\AXI_LITE_IPIF_I/I_SLAVE_ATTACHMENT/s_axi_bresp_i_reg[0] )
---------------------------------------------------------------------------------
Finished Cross Boundary and Area Optimization : Time (s): cpu = 00:00:58 ; elapsed = 00:01:14 . Memory (MB): peak = 1935.031 ; gain = 552.824 ; free physical = 21035 ; free virtual = 31768
---------------------------------------------------------------------------------

Report RTL Partitions: 
+-+--------------+------------+----------+
| |RTL Partition |Replication |Instances |
+-+--------------+------------+----------+
+-+--------------+------------+----------+
---------------------------------------------------------------------------------
Start Applying XDC Timing Constraints
---------------------------------------------------------------------------------
---------------------------------------------------------------------------------
Finished Applying XDC Timing Constraints : Time (s): cpu = 00:01:04 ; elapsed = 00:01:20 . Memory (MB): peak = 1935.031 ; gain = 552.824 ; free physical = 21026 ; free virtual = 31755
---------------------------------------------------------------------------------
---------------------------------------------------------------------------------
Start Timing Optimization
---------------------------------------------------------------------------------
---------------------------------------------------------------------------------
Finished Timing Optimization : Time (s): cpu = 00:01:05 ; elapsed = 00:01:21 . Memory (MB): peak = 1935.031 ; gain = 552.824 ; free physical = 21802 ; free virtual = 32531
---------------------------------------------------------------------------------

Report RTL Partitions: 
+-+--------------+------------+----------+
| |RTL Partition |Replication |Instances |
+-+--------------+------------+----------+
+-+--------------+------------+----------+
---------------------------------------------------------------------------------
Start Technology Mapping
---------------------------------------------------------------------------------
---------------------------------------------------------------------------------
Finished Technology Mapping : Time (s): cpu = 00:01:05 ; elapsed = 00:01:21 . Memory (MB): peak = 1935.031 ; gain = 552.824 ; free physical = 22339 ; free virtual = 33068
---------------------------------------------------------------------------------

Report RTL Partitions: 
+-+--------------+------------+----------+
| |RTL Partition |Replication |Instances |
+-+--------------+------------+----------+
+-+--------------+------------+----------+
---------------------------------------------------------------------------------
Start IO Insertion
---------------------------------------------------------------------------------
---------------------------------------------------------------------------------
Start Flattening Before IO Insertion
---------------------------------------------------------------------------------
---------------------------------------------------------------------------------
Finished Flattening Before IO Insertion
---------------------------------------------------------------------------------
---------------------------------------------------------------------------------
Start Final Netlist Cleanup
---------------------------------------------------------------------------------
---------------------------------------------------------------------------------
Finished Final Netlist Cleanup
---------------------------------------------------------------------------------
---------------------------------------------------------------------------------
Finished IO Insertion : Time (s): cpu = 00:01:06 ; elapsed = 00:01:22 . Memory (MB): peak = 1935.031 ; gain = 552.824 ; free physical = 23040 ; free virtual = 33767
---------------------------------------------------------------------------------

Report Check Netlist: 
+------+------------------+-------+---------+-------+------------------+
|      |Item              |Errors |Warnings |Status |Description       |
+------+------------------+-------+---------+-------+------------------+
|1     |multi_driven_nets |      0|        0|Passed |Multi driven nets |
+------+------------------+-------+---------+-------+------------------+
---------------------------------------------------------------------------------
Start Renaming Generated Instances
---------------------------------------------------------------------------------
---------------------------------------------------------------------------------
Finished Renaming Generated Instances : Time (s): cpu = 00:01:06 ; elapsed = 00:01:22 . Memory (MB): peak = 1935.031 ; gain = 552.824 ; free physical = 23040 ; free virtual = 33767
---------------------------------------------------------------------------------

Report RTL Partitions: 
+-+--------------+------------+----------+
| |RTL Partition |Replication |Instances |
+-+--------------+------------+----------+
+-+--------------+------------+----------+
---------------------------------------------------------------------------------
Start Rebuilding User Hierarchy
---------------------------------------------------------------------------------
---------------------------------------------------------------------------------
Finished Rebuilding User Hierarchy : Time (s): cpu = 00:01:06 ; elapsed = 00:01:22 . Memory (MB): peak = 1935.031 ; gain = 552.824 ; free physical = 23036 ; free virtual = 33763
---------------------------------------------------------------------------------
---------------------------------------------------------------------------------
Start Renaming Generated Ports
---------------------------------------------------------------------------------
---------------------------------------------------------------------------------
Finished Renaming Generated Ports : Time (s): cpu = 00:01:06 ; elapsed = 00:01:22 . Memory (MB): peak = 1935.031 ; gain = 552.824 ; free physical = 23037 ; free virtual = 33763
---------------------------------------------------------------------------------
---------------------------------------------------------------------------------
Start Handling Custom Attributes
---------------------------------------------------------------------------------
---------------------------------------------------------------------------------
Finished Handling Custom Attributes : Time (s): cpu = 00:01:06 ; elapsed = 00:01:22 . Memory (MB): peak = 1935.031 ; gain = 552.824 ; free physical = 23038 ; free virtual = 33765
---------------------------------------------------------------------------------
---------------------------------------------------------------------------------
Start Renaming Generated Nets
---------------------------------------------------------------------------------
---------------------------------------------------------------------------------
Finished Renaming Generated Nets : Time (s): cpu = 00:01:06 ; elapsed = 00:01:22 . Memory (MB): peak = 1935.031 ; gain = 552.824 ; free physical = 23038 ; free virtual = 33765
---------------------------------------------------------------------------------
---------------------------------------------------------------------------------
Start Writing Synthesis Report
---------------------------------------------------------------------------------

Report BlackBoxes: 
+-+--------------+----------+
| |BlackBox name |Instances |
+-+--------------+----------+
+-+--------------+----------+

Report Cell Usage: 
+------+-----+------+
|      |Cell |Count |
+------+-----+------+
|1     |LUT1 |     2|
|2     |LUT2 |    35|
|3     |LUT3 |    25|
|4     |LUT4 |    19|
|5     |LUT5 |    54|
|6     |LUT6 |    61|
|7     |XADC |     1|
|8     |FDRE |   206|
|9     |FDSE |    31|
+------+-----+------+

Report Instance Areas: 
+------+-------------------------------------------+------------------------------+------+
|      |Instance                                   |Module                        |Cells |
+------+-------------------------------------------+------------------------------+------+
|1     |top                                        |                              |   434|
|2     |  inst                                     |base_xadc_0_axi_xadc          |   434|
|3     |    AXI_LITE_IPIF_I                        |base_xadc_0_axi_lite_ipif     |   190|
|4     |      I_SLAVE_ATTACHMENT                   |base_xadc_0_slave_attachment  |   190|
|5     |        I_DECODER                          |base_xadc_0_address_decoder   |   133|
|6     |    AXI_XADC_CORE_I                        |base_xadc_0_xadc_core_drp     |    79|
|7     |    \INTR_CTRLR_GEN_I.INTERRUPT_CONTROL_I  |base_xadc_0_interrupt_control |    96|
|8     |    SOFT_RESET_I                           |base_xadc_0_soft_reset        |    36|
+------+-------------------------------------------+------------------------------+------+
---------------------------------------------------------------------------------
Finished Writing Synthesis Report : Time (s): cpu = 00:01:06 ; elapsed = 00:01:22 . Memory (MB): peak = 1935.031 ; gain = 552.824 ; free physical = 23041 ; free virtual = 33767
---------------------------------------------------------------------------------
Synthesis finished with 0 errors, 0 critical warnings and 16 warnings.
Synthesis Optimization Runtime : Time (s): cpu = 00:00:25 ; elapsed = 00:00:34 . Memory (MB): peak = 1935.031 ; gain = 145.109 ; free physical = 23101 ; free virtual = 33827
Synthesis Optimization Complete : Time (s): cpu = 00:01:06 ; elapsed = 00:01:22 . Memory (MB): peak = 1935.031 ; gain = 552.824 ; free physical = 23111 ; free virtual = 33838
INFO: [Project 1-571] Translating synthesized netlist
INFO: [Netlist 29-17] Analyzing 1 Unisim elements for replacement
INFO: [Netlist 29-28] Unisim Transformation completed in 0 CPU seconds
INFO: [Project 1-570] Preparing netlist for logic optimization
INFO: [Opt 31-138] Pushed 0 inverter(s) to 0 load pin(s).
Netlist sorting complete. Time (s): cpu = 00:00:00 ; elapsed = 00:00:00 . Memory (MB): peak = 1952.035 ; gain = 0.000 ; free physical = 23628 ; free virtual = 34355
INFO: [Project 1-111] Unisim Transformation Summary:
No Unisim elements were transformed.

INFO: [Common 17-83] Releasing license: Synthesis
150 Infos, 101 Warnings, 0 Critical Warnings and 0 Errors encountered.
synth_design completed successfully
synth_design: Time (s): cpu = 00:01:08 ; elapsed = 00:01:24 . Memory (MB): peak = 1952.035 ; gain = 569.977 ; free physical = 23656 ; free virtual = 34383
Netlist sorting complete. Time (s): cpu = 00:00:00 ; elapsed = 00:00:00 . Memory (MB): peak = 1952.035 ; gain = 0.000 ; free physical = 23683 ; free virtual = 34410
WARNING: [Constraints 18-5210] No constraints selected for write.
Resolution: This message can indicate that there are no constraints for the design, or it can indicate that the used_in flags are set such that the constraints are ignored. This later case is used when running synth_design to not write synthesis constraints to the resulting checkpoint. Instead, project constraints are read when the synthesized design is opened.
INFO: [Common 17-1381] The checkpoint '/home/eashanw/Audio_open/audio-revamp-soc/PYNQ/boards/Pynq-Z2/base/base/base.runs/base_xadc_0_synth_1/base_xadc_0.dcp' has been generated.
INFO: [Coretcl 2-1648] Added synthesis output to IP cache for IP base_xadc_0, cache-ID = e6704dea7c926537
INFO: [Coretcl 2-1174] Renamed 7 cell refs.
Netlist sorting complete. Time (s): cpu = 00:00:00 ; elapsed = 00:00:00 . Memory (MB): peak = 1976.055 ; gain = 0.000 ; free physical = 24191 ; free virtual = 34919
WARNING: [Constraints 18-5210] No constraints selected for write.
Resolution: This message can indicate that there are no constraints for the design, or it can indicate that the used_in flags are set such that the constraints are ignored. This later case is used when running synth_design to not write synthesis constraints to the resulting checkpoint. Instead, project constraints are read when the synthesized design is opened.
INFO: [Common 17-1381] The checkpoint '/home/eashanw/Audio_open/audio-revamp-soc/PYNQ/boards/Pynq-Z2/base/base/base.runs/base_xadc_0_synth_1/base_xadc_0.dcp' has been generated.
INFO: [runtcl-4] Executing : report_utilization -file base_xadc_0_utilization_synth.rpt -pb base_xadc_0_utilization_synth.pb
INFO: [Common 17-206] Exiting Vivado at Mon Mar 11 10:49:16 2019...
