
*** Running vivado
    with args -log base_distributor_rpi_0.vds -m64 -product Vivado -mode batch -messageDb vivado.pb -notrace -source base_distributor_rpi_0.tcl


****** Vivado v2018.3 (64-bit)
  **** SW Build 2405991 on Thu Dec  6 23:36:41 MST 2018
  **** IP Build 2404404 on Fri Dec  7 01:43:56 MST 2018
    ** Copyright 1986-2018 Xilinx, Inc. All Rights Reserved.

source base_distributor_rpi_0.tcl -notrace
INFO: [IP_Flow 19-234] Refreshing IP repositories
INFO: [IP_Flow 19-1700] Loaded user IP repository '/home/eashanw/Audio_open/audio-revamp-soc/PYNQ/boards/ip'.
INFO: [IP_Flow 19-1700] Loaded user IP repository '/home/eashanw/Audio_open/audio-revamp-soc/Audio_Stream_Adau1761/Audio_Stream_Adau1761/ip'.
INFO: [IP_Flow 19-2313] Loaded Vivado IP repository '/proj/xbuilds/2018.3_released/installs/lin64/Vivado/2018.3/data/ip'.
Command: synth_design -top base_distributor_rpi_0 -part xc7z020clg400-1 -mode out_of_context
Starting synth_design
Attempting to get a license for feature 'Synthesis' and/or device 'xc7z020'
INFO: [Common 17-349] Got license for feature 'Synthesis' and/or device 'xc7z020'
INFO: Launching helper process for spawning children vivado processes
INFO: Helper process launched with PID 25263 
---------------------------------------------------------------------------------
Starting RTL Elaboration : Time (s): cpu = 00:00:02 ; elapsed = 00:00:04 . Memory (MB): peak = 1450.711 ; gain = 85.844 ; free physical = 22781 ; free virtual = 33582
---------------------------------------------------------------------------------
INFO: [Synth 8-6157] synthesizing module 'base_distributor_rpi_0' [/home/eashanw/Audio_open/audio-revamp-soc/PYNQ/boards/Pynq-Z2/base/base/base.srcs/sources_1/bd/base/ip/base_distributor_rpi_0/synth/base_distributor_rpi_0.v:58]
INFO: [Synth 8-6157] synthesizing module 'wire_distributor' [/home/eashanw/Audio_open/audio-revamp-soc/PYNQ/boards/Pynq-Z2/base/base/base.srcs/sources_1/bd/base/ipshared/1a70/wire_distributor.v:3]
	Parameter TYPE bound to: 0 - type: integer 
	Parameter WIDTH bound to: 28 - type: integer 
INFO: [Synth 8-6155] done synthesizing module 'wire_distributor' (1#1) [/home/eashanw/Audio_open/audio-revamp-soc/PYNQ/boards/Pynq-Z2/base/base/base.srcs/sources_1/bd/base/ipshared/1a70/wire_distributor.v:3]
INFO: [Synth 8-6155] done synthesizing module 'base_distributor_rpi_0' (2#1) [/home/eashanw/Audio_open/audio-revamp-soc/PYNQ/boards/Pynq-Z2/base/base/base.srcs/sources_1/bd/base/ip/base_distributor_rpi_0/synth/base_distributor_rpi_0.v:58]
---------------------------------------------------------------------------------
Finished RTL Elaboration : Time (s): cpu = 00:00:03 ; elapsed = 00:00:05 . Memory (MB): peak = 1496.477 ; gain = 131.609 ; free physical = 22733 ; free virtual = 33534
---------------------------------------------------------------------------------

Report Check Netlist: 
+------+------------------+-------+---------+-------+------------------+
|      |Item              |Errors |Warnings |Status |Description       |
+------+------------------+-------+---------+-------+------------------+
|1     |multi_driven_nets |      0|        0|Passed |Multi driven nets |
+------+------------------+-------+---------+-------+------------------+
---------------------------------------------------------------------------------
Start Handling Custom Attributes
---------------------------------------------------------------------------------
---------------------------------------------------------------------------------
Finished Handling Custom Attributes : Time (s): cpu = 00:00:03 ; elapsed = 00:00:06 . Memory (MB): peak = 1496.477 ; gain = 131.609 ; free physical = 22712 ; free virtual = 33513
---------------------------------------------------------------------------------
---------------------------------------------------------------------------------
Finished RTL Optimization Phase 1 : Time (s): cpu = 00:00:03 ; elapsed = 00:00:06 . Memory (MB): peak = 1496.477 ; gain = 131.609 ; free physical = 22714 ; free virtual = 33515
---------------------------------------------------------------------------------
INFO: [Device 21-403] Loading part xc7z020clg400-1
INFO: [Project 1-570] Preparing netlist for logic optimization

Processing XDC Constraints
Initializing timing engine
Completed Processing XDC Constraints

Netlist sorting complete. Time (s): cpu = 00:00:00 ; elapsed = 00:00:00 . Memory (MB): peak = 1833.227 ; gain = 0.000 ; free physical = 21905 ; free virtual = 32724
INFO: [Project 1-111] Unisim Transformation Summary:
No Unisim elements were transformed.

Netlist sorting complete. Time (s): cpu = 00:00:00 ; elapsed = 00:00:00 . Memory (MB): peak = 1833.230 ; gain = 0.000 ; free physical = 21905 ; free virtual = 32723
WARNING: [Constraints 18-5210] No constraints selected for write.
Resolution: This message can indicate that there are no constraints for the design, or it can indicate that the used_in flags are set such that the constraints are ignored. This later case is used when running synth_design to not write synthesis constraints to the resulting checkpoint. Instead, project constraints are read when the synthesized design is opened.
Constraint Validation Runtime : Time (s): cpu = 00:00:00.06 ; elapsed = 00:00:00.23 . Memory (MB): peak = 1834.227 ; gain = 1.000 ; free physical = 21981 ; free virtual = 32799
---------------------------------------------------------------------------------
Finished Constraint Validation : Time (s): cpu = 00:00:41 ; elapsed = 00:00:48 . Memory (MB): peak = 1834.227 ; gain = 469.359 ; free physical = 21926 ; free virtual = 32745
---------------------------------------------------------------------------------
---------------------------------------------------------------------------------
Start Loading Part and Timing Information
---------------------------------------------------------------------------------
Loading part: xc7z020clg400-1
---------------------------------------------------------------------------------
Finished Loading Part and Timing Information : Time (s): cpu = 00:00:41 ; elapsed = 00:00:48 . Memory (MB): peak = 1834.227 ; gain = 469.359 ; free physical = 21928 ; free virtual = 32746
---------------------------------------------------------------------------------
---------------------------------------------------------------------------------
Start Applying 'set_property' XDC Constraints
---------------------------------------------------------------------------------
---------------------------------------------------------------------------------
Finished applying 'set_property' XDC Constraints : Time (s): cpu = 00:00:41 ; elapsed = 00:00:48 . Memory (MB): peak = 1834.227 ; gain = 469.359 ; free physical = 21934 ; free virtual = 32753
---------------------------------------------------------------------------------
---------------------------------------------------------------------------------
Finished RTL Optimization Phase 2 : Time (s): cpu = 00:00:41 ; elapsed = 00:00:48 . Memory (MB): peak = 1834.227 ; gain = 469.359 ; free physical = 21949 ; free virtual = 32768
---------------------------------------------------------------------------------

Report RTL Partitions: 
+-+--------------+------------+----------+
| |RTL Partition |Replication |Instances |
+-+--------------+------------+----------+
+-+--------------+------------+----------+
---------------------------------------------------------------------------------
Start RTL Component Statistics 
---------------------------------------------------------------------------------
Detailed RTL Component Info : 
---------------------------------------------------------------------------------
Finished RTL Component Statistics 
---------------------------------------------------------------------------------
---------------------------------------------------------------------------------
Start RTL Hierarchical Component Statistics 
---------------------------------------------------------------------------------
Hierarchical RTL Component report 
---------------------------------------------------------------------------------
Finished RTL Hierarchical Component Statistics
---------------------------------------------------------------------------------
---------------------------------------------------------------------------------
Start Part Resource Summary
---------------------------------------------------------------------------------
Part Resources:
DSPs: 220 (col length:60)
BRAMs: 280 (col length: RAMB18 60 RAMB36 30)
---------------------------------------------------------------------------------
Finished Part Resource Summary
---------------------------------------------------------------------------------
---------------------------------------------------------------------------------
Start Cross Boundary and Area Optimization
---------------------------------------------------------------------------------
Warning: Parallel synthesis criteria is not met 
WARNING: [Synth 8-3330] design base_distributor_rpi_0 has an empty top module
---------------------------------------------------------------------------------
Finished Cross Boundary and Area Optimization : Time (s): cpu = 00:00:41 ; elapsed = 00:00:49 . Memory (MB): peak = 1834.227 ; gain = 469.359 ; free physical = 21885 ; free virtual = 32718
---------------------------------------------------------------------------------

Report RTL Partitions: 
+-+--------------+------------+----------+
| |RTL Partition |Replication |Instances |
+-+--------------+------------+----------+
+-+--------------+------------+----------+
---------------------------------------------------------------------------------
Start Applying XDC Timing Constraints
---------------------------------------------------------------------------------
---------------------------------------------------------------------------------
Finished Applying XDC Timing Constraints : Time (s): cpu = 00:00:47 ; elapsed = 00:00:55 . Memory (MB): peak = 1848.215 ; gain = 483.348 ; free physical = 22071 ; free virtual = 32899
---------------------------------------------------------------------------------
---------------------------------------------------------------------------------
Start Timing Optimization
---------------------------------------------------------------------------------
---------------------------------------------------------------------------------
Finished Timing Optimization : Time (s): cpu = 00:00:47 ; elapsed = 00:00:55 . Memory (MB): peak = 1848.215 ; gain = 483.348 ; free physical = 22071 ; free virtual = 32899
---------------------------------------------------------------------------------

Report RTL Partitions: 
+-+--------------+------------+----------+
| |RTL Partition |Replication |Instances |
+-+--------------+------------+----------+
+-+--------------+------------+----------+
---------------------------------------------------------------------------------
Start Technology Mapping
---------------------------------------------------------------------------------
---------------------------------------------------------------------------------
Finished Technology Mapping : Time (s): cpu = 00:00:47 ; elapsed = 00:00:55 . Memory (MB): peak = 1857.223 ; gain = 492.355 ; free physical = 22069 ; free virtual = 32897
---------------------------------------------------------------------------------

Report RTL Partitions: 
+-+--------------+------------+----------+
| |RTL Partition |Replication |Instances |
+-+--------------+------------+----------+
+-+--------------+------------+----------+
---------------------------------------------------------------------------------
Start IO Insertion
---------------------------------------------------------------------------------
---------------------------------------------------------------------------------
Start Flattening Before IO Insertion
---------------------------------------------------------------------------------
---------------------------------------------------------------------------------
Finished Flattening Before IO Insertion
---------------------------------------------------------------------------------
---------------------------------------------------------------------------------
Start Final Netlist Cleanup
---------------------------------------------------------------------------------
---------------------------------------------------------------------------------
Finished Final Netlist Cleanup
---------------------------------------------------------------------------------
---------------------------------------------------------------------------------
Finished IO Insertion : Time (s): cpu = 00:00:48 ; elapsed = 00:00:56 . Memory (MB): peak = 1857.227 ; gain = 492.359 ; free physical = 22055 ; free virtual = 32878
---------------------------------------------------------------------------------

Report Check Netlist: 
+------+------------------+-------+---------+-------+------------------+
|      |Item              |Errors |Warnings |Status |Description       |
+------+------------------+-------+---------+-------+------------------+
|1     |multi_driven_nets |      0|        0|Passed |Multi driven nets |
+------+------------------+-------+---------+-------+------------------+
---------------------------------------------------------------------------------
Start Renaming Generated Instances
---------------------------------------------------------------------------------
---------------------------------------------------------------------------------
Finished Renaming Generated Instances : Time (s): cpu = 00:00:48 ; elapsed = 00:00:56 . Memory (MB): peak = 1857.227 ; gain = 492.359 ; free physical = 22055 ; free virtual = 32878
---------------------------------------------------------------------------------

Report RTL Partitions: 
+-+--------------+------------+----------+
| |RTL Partition |Replication |Instances |
+-+--------------+------------+----------+
+-+--------------+------------+----------+
---------------------------------------------------------------------------------
Start Rebuilding User Hierarchy
---------------------------------------------------------------------------------
---------------------------------------------------------------------------------
Finished Rebuilding User Hierarchy : Time (s): cpu = 00:00:48 ; elapsed = 00:00:56 . Memory (MB): peak = 1857.227 ; gain = 492.359 ; free physical = 22055 ; free virtual = 32878
---------------------------------------------------------------------------------
---------------------------------------------------------------------------------
Start Renaming Generated Ports
---------------------------------------------------------------------------------
---------------------------------------------------------------------------------
Finished Renaming Generated Ports : Time (s): cpu = 00:00:48 ; elapsed = 00:00:56 . Memory (MB): peak = 1857.227 ; gain = 492.359 ; free physical = 22055 ; free virtual = 32878
---------------------------------------------------------------------------------
---------------------------------------------------------------------------------
Start Handling Custom Attributes
---------------------------------------------------------------------------------
---------------------------------------------------------------------------------
Finished Handling Custom Attributes : Time (s): cpu = 00:00:48 ; elapsed = 00:00:56 . Memory (MB): peak = 1857.227 ; gain = 492.359 ; free physical = 22055 ; free virtual = 32878
---------------------------------------------------------------------------------
---------------------------------------------------------------------------------
Start Renaming Generated Nets
---------------------------------------------------------------------------------
---------------------------------------------------------------------------------
Finished Renaming Generated Nets : Time (s): cpu = 00:00:48 ; elapsed = 00:00:56 . Memory (MB): peak = 1857.227 ; gain = 492.359 ; free physical = 22055 ; free virtual = 32878
---------------------------------------------------------------------------------
---------------------------------------------------------------------------------
Start Writing Synthesis Report
---------------------------------------------------------------------------------

Report BlackBoxes: 
+-+--------------+----------+
| |BlackBox name |Instances |
+-+--------------+----------+
+-+--------------+----------+

Report Cell Usage: 
+-+-----+------+
| |Cell |Count |
+-+-----+------+
+-+-----+------+

Report Instance Areas: 
+------+---------+-------+------+
|      |Instance |Module |Cells |
+------+---------+-------+------+
|1     |top      |       |     0|
+------+---------+-------+------+
---------------------------------------------------------------------------------
Finished Writing Synthesis Report : Time (s): cpu = 00:00:48 ; elapsed = 00:00:56 . Memory (MB): peak = 1857.227 ; gain = 492.359 ; free physical = 22055 ; free virtual = 32878
---------------------------------------------------------------------------------
Synthesis finished with 0 errors, 0 critical warnings and 1 warnings.
Synthesis Optimization Runtime : Time (s): cpu = 00:00:12 ; elapsed = 00:00:17 . Memory (MB): peak = 1857.227 ; gain = 154.609 ; free physical = 22109 ; free virtual = 32932
Synthesis Optimization Complete : Time (s): cpu = 00:00:48 ; elapsed = 00:00:56 . Memory (MB): peak = 1857.230 ; gain = 492.359 ; free physical = 22118 ; free virtual = 32941
INFO: [Project 1-571] Translating synthesized netlist
INFO: [Project 1-570] Preparing netlist for logic optimization
INFO: [Opt 31-138] Pushed 0 inverter(s) to 0 load pin(s).
Netlist sorting complete. Time (s): cpu = 00:00:00 ; elapsed = 00:00:00 . Memory (MB): peak = 1863.227 ; gain = 0.000 ; free physical = 22075 ; free virtual = 32896
INFO: [Project 1-111] Unisim Transformation Summary:
No Unisim elements were transformed.

INFO: [Common 17-83] Releasing license: Synthesis
17 Infos, 2 Warnings, 0 Critical Warnings and 0 Errors encountered.
synth_design completed successfully
synth_design: Time (s): cpu = 00:00:50 ; elapsed = 00:00:57 . Memory (MB): peak = 1863.227 ; gain = 509.969 ; free physical = 22158 ; free virtual = 32979
Netlist sorting complete. Time (s): cpu = 00:00:00 ; elapsed = 00:00:00 . Memory (MB): peak = 1863.227 ; gain = 0.000 ; free physical = 22156 ; free virtual = 32977
WARNING: [Constraints 18-5210] No constraints selected for write.
Resolution: This message can indicate that there are no constraints for the design, or it can indicate that the used_in flags are set such that the constraints are ignored. This later case is used when running synth_design to not write synthesis constraints to the resulting checkpoint. Instead, project constraints are read when the synthesized design is opened.
INFO: [Common 17-1381] The checkpoint '/home/eashanw/Audio_open/audio-revamp-soc/PYNQ/boards/Pynq-Z2/base/base/base.runs/base_distributor_rpi_0_synth_1/base_distributor_rpi_0.dcp' has been generated.
INFO: [Coretcl 2-1648] Added synthesis output to IP cache for IP base_distributor_rpi_0, cache-ID = ad0110abc8672c25
Netlist sorting complete. Time (s): cpu = 00:00:00 ; elapsed = 00:00:00 . Memory (MB): peak = 1867.230 ; gain = 0.000 ; free physical = 22279 ; free virtual = 33101
WARNING: [Constraints 18-5210] No constraints selected for write.
Resolution: This message can indicate that there are no constraints for the design, or it can indicate that the used_in flags are set such that the constraints are ignored. This later case is used when running synth_design to not write synthesis constraints to the resulting checkpoint. Instead, project constraints are read when the synthesized design is opened.
INFO: [Common 17-1381] The checkpoint '/home/eashanw/Audio_open/audio-revamp-soc/PYNQ/boards/Pynq-Z2/base/base/base.runs/base_distributor_rpi_0_synth_1/base_distributor_rpi_0.dcp' has been generated.
INFO: [runtcl-4] Executing : report_utilization -file base_distributor_rpi_0_utilization_synth.rpt -pb base_distributor_rpi_0_utilization_synth.pb
INFO: [Common 17-206] Exiting Vivado at Mon Mar 11 10:58:22 2019...
